#
# There is insufficient memory for the Java Runtime Environment to continue.
# Native memory allocation (mmap) failed to map 65536 bytes for Failed to commit metaspace.
# Possible reasons:
#   The system is out of physical RAM or swap space
#   The process is running with CompressedOops enabled, and the Java Heap may be blocking the growth of the native heap
# Possible solutions:
#   Reduce memory load on the system
#   Increase physical memory or swap space
#   Check if swap backing store is full
#   Decrease Java heap size (-Xmx/-Xms)
#   Decrease number of Java threads
#   Decrease Java thread stack sizes (-Xss)
#   Set larger code cache with -XX:ReservedCodeCacheSize=
#   JVM is running with Unscaled Compressed Oops mode in which the Java heap is
#     placed in the first 4GB address space. The Java Heap base address is the
#     maximum limit for the native heap growth. Please use -XX:HeapBaseMinAddress
#     to set the Java Heap base and to place the Java Heap above 4GB virtual address.
# This output file may be truncated or incomplete.
#
#  Out of Memory Error (virtualSpaceNode.cpp:110), pid=21584, tid=22460
#
# JRE version: OpenJDK Runtime Environment Temurin-17.0.2+8 (17.0.2+8) (build 17.0.2+8)
# Java VM: OpenJDK 64-Bit Server VM Temurin-17.0.2+8 (17.0.2+8, mixed mode, emulated-client, tiered, compressed oops, compressed class ptrs, g1 gc, windows-amd64)
# No core dump will be written. Minidumps are not enabled by default on client versions of Windows
#

---------------  S U M M A R Y ------------

Command Line: -Dcom.sun.management.jmxremote -Dcom.sun.management.jmxremote.port=49977 -Dcom.sun.management.jmxremote.authenticate=false -Dcom.sun.management.jmxremote.ssl=false -Djava.rmi.server.hostname=localhost -Dspring.jmx.enabled=true -Dspring.application.admin.enabled=true -XX:TieredStopAtLevel=1 -Dspring.boot.project.name=war-tech-shop -Dfile.encoding=UTF-8 -XX:+ShowCodeDetailsInExceptionMessages -Xmx512M edu.poly.shop.WarTechShopApplication --spring.output.ansi.enabled=always

Host: Intel(R) Core(TM) i5-4200U CPU @ 1.60GHz, 4 cores, 7G,  Windows 10 , 64 bit Build 19041 (10.0.19041.1706)
Time: Thu Jun 23 23:14:16 2022 SE Asia Standard Time elapsed time: 30.968115 seconds (0d 0h 0m 30s)

---------------  T H R E A D  ---------------

Current thread (0x0000020a542fde20):  JavaThread "main" [_thread_in_vm, id=22460, stack(0x0000008e4c300000,0x0000008e4c400000)]

Stack: [0x0000008e4c300000,0x0000008e4c400000]
Native frames: (J=compiled Java code, j=interpreted, Vv=VM code, C=native code)
V  [jvm.dll+0x67564a]
V  [jvm.dll+0x82fc04]
V  [jvm.dll+0x8313ae]
V  [jvm.dll+0x831a13]
V  [jvm.dll+0x245235]
V  [jvm.dll+0x82bbab]
V  [jvm.dll+0x61a336]
V  [jvm.dll+0x61a39a]
V  [jvm.dll+0x61cbba]
V  [jvm.dll+0x61acd6]
V  [jvm.dll+0x23979f]
V  [jvm.dll+0x6249f5]
V  [jvm.dll+0x1e9eab]
V  [jvm.dll+0x1ea3e5]
V  [jvm.dll+0x1eae1f]
V  [jvm.dll+0x1e02c1]
V  [jvm.dll+0x53b6e0]
V  [jvm.dll+0x1f0ab7]
V  [jvm.dll+0x7aa1bb]
V  [jvm.dll+0x7ab562]
V  [jvm.dll+0x7ab898]
V  [jvm.dll+0x23d51e]
V  [jvm.dll+0x23d76f]
V  [jvm.dll+0x558d38]
V  [jvm.dll+0x55bba0]
V  [jvm.dll+0x382937]
V  [jvm.dll+0x381f8f]
C  0x0000020a579c91cc

Java frames: (J=compiled Java code, j=interpreted, Vv=VM code)
j  java.lang.module.ModuleDescriptor$Builder.<init>(Ljava/lang/String;ZLjava/util/Set;)V+76 java.base@17.0.2
j  java.lang.module.ModuleDescriptor.newModule(Ljava/lang/String;Ljava/util/Set;)Ljava/lang/module/ModuleDescriptor$Builder;+48 java.base@17.0.2
j  java.lang.reflect.Proxy$ProxyBuilder.lambda$getDynamicModule$1(Ljava/lang/ClassLoader;Ljdk/internal/loader/ClassLoaderValue;)Ljava/lang/Module;+53 java.base@17.0.2
j  java.lang.reflect.Proxy$ProxyBuilder$$Lambda$21+0x00000001000bb9b0.apply(Ljava/lang/Object;Ljava/lang/Object;)Ljava/lang/Object;+8 java.base@17.0.2
j  jdk.internal.loader.AbstractClassLoaderValue$Memoizer.get()Ljava/lang/Object;+75 java.base@17.0.2
j  jdk.internal.loader.AbstractClassLoaderValue.computeIfAbsent(Ljava/lang/ClassLoader;Ljava/util/function/BiFunction;)Ljava/lang/Object;+63 java.base@17.0.2
j  java.lang.reflect.Proxy$ProxyBuilder.getDynamicModule(Ljava/lang/ClassLoader;)Ljava/lang/Module;+9 java.base@17.0.2
j  java.lang.reflect.Proxy$ProxyBuilder.mapToModule(Ljava/lang/ClassLoader;Ljava/util/List;Ljava/util/Set;)Ljava/lang/Module;+360 java.base@17.0.2
j  java.lang.reflect.Proxy$ProxyBuilder.<init>(Ljava/lang/ClassLoader;Ljava/util/List;)V+86 java.base@17.0.2
j  java.lang.reflect.Proxy$ProxyBuilder.<init>(Ljava/lang/ClassLoader;Ljava/lang/Class;)V+6 java.base@17.0.2
j  java.lang.reflect.Proxy.lambda$getProxyConstructor$0(Ljava/lang/ClassLoader;Ljdk/internal/loader/AbstractClassLoaderValue$Sub;)Ljava/lang/reflect/Constructor;+12 java.base@17.0.2
j  java.lang.reflect.Proxy$$Lambda$20+0x00000001000bb580.apply(Ljava/lang/Object;Ljava/lang/Object;)Ljava/lang/Object;+8 java.base@17.0.2
j  jdk.internal.loader.AbstractClassLoaderValue$Memoizer.get()Ljava/lang/Object;+75 java.base@17.0.2
j  jdk.internal.loader.AbstractClassLoaderValue.computeIfAbsent(Ljava/lang/ClassLoader;Ljava/util/function/BiFunction;)Ljava/lang/Object;+63 java.base@17.0.2
j  java.lang.reflect.Proxy.getProxyConstructor(Ljava/lang/Class;Ljava/lang/ClassLoader;[Ljava/lang/Class;)Ljava/lang/reflect/Constructor;+40 java.base@17.0.2
j  java.lang.reflect.Proxy.newProxyInstance(Ljava/lang/ClassLoader;[Ljava/lang/Class;Ljava/lang/reflect/InvocationHandler;)Ljava/lang/Object;+22 java.base@17.0.2
j  sun.reflect.annotation.AnnotationParser$1.run()Ljava/lang/annotation/Annotation;+33 java.base@17.0.2
j  sun.reflect.annotation.AnnotationParser$1.run()Ljava/lang/Object;+1 java.base@17.0.2
j  java.security.AccessController.executePrivileged(Ljava/security/PrivilegedAction;Ljava/security/AccessControlContext;Ljava/lang/Class;)Ljava/lang/Object;+29 java.base@17.0.2
j  java.security.AccessController.doPrivileged(Ljava/security/PrivilegedAction;)Ljava/lang/Object;+5 java.base@17.0.2
j  sun.reflect.annotation.AnnotationParser.annotationForMap(Ljava/lang/Class;Ljava/util/Map;)Ljava/lang/annotation/Annotation;+9 java.base@17.0.2
j  sun.reflect.annotation.AnnotationParser.parseAnnotation2(Ljava/nio/ByteBuffer;Ljdk/internal/reflect/ConstantPool;Ljava/lang/Class;Z[Ljava/lang/Class;)Ljava/lang/annotation/Annotation;+267 java.base@17.0.2
j  sun.reflect.annotation.AnnotationParser.parseAnnotations2([BLjdk/internal/reflect/ConstantPool;Ljava/lang/Class;[Ljava/lang/Class;)Ljava/util/Map;+41 java.base@17.0.2
j  sun.reflect.annotation.AnnotationParser.parseSelectAnnotations([BLjdk/internal/reflect/ConstantPool;Ljava/lang/Class;[Ljava/lang/Class;)Ljava/util/Map;+12 java.base@17.0.2
j  sun.reflect.annotation.AnnotationType.<init>(Ljava/lang/Class;)V+291 java.base@17.0.2
j  sun.reflect.annotation.AnnotationType.getInstance(Ljava/lang/Class;)Lsun/reflect/annotation/AnnotationType;+21 java.base@17.0.2
j  sun.reflect.annotation.AnnotationParser.parseAnnotation2(Ljava/nio/ByteBuffer;Ljdk/internal/reflect/ConstantPool;Ljava/lang/Class;Z[Ljava/lang/Class;)Ljava/lang/annotation/Annotation;+103 java.base@17.0.2
j  sun.reflect.annotation.AnnotationParser.parseAnnotations2([BLjdk/internal/reflect/ConstantPool;Ljava/lang/Class;[Ljava/lang/Class;)Ljava/util/Map;+41 java.base@17.0.2
j  sun.reflect.annotation.AnnotationParser.parseAnnotations([BLjdk/internal/reflect/ConstantPool;Ljava/lang/Class;)Ljava/util/Map;+12 java.base@17.0.2
j  java.lang.reflect.Executable.declaredAnnotations()Ljava/util/Map;+62 java.base@17.0.2
j  java.lang.reflect.Executable.declaredAnnotations()Ljava/util/Map;+35 java.base@17.0.2
j  java.lang.reflect.Executable.getDeclaredAnnotations()[Ljava/lang/annotation/Annotation;+1 java.base@17.0.2
j  java.lang.reflect.Method.getDeclaredAnnotations()[Ljava/lang/annotation/Annotation;+1 java.base@17.0.2
j  java.lang.reflect.AccessibleObject.getAnnotations()[Ljava/lang/annotation/Annotation;+1 java.base@17.0.2
j  com.sun.jmx.mbeanserver.Introspector.descriptorForElement(Ljava/lang/reflect/AnnotatedElement;)Ljavax/management/Descriptor;+9 java.management@17.0.2
j  com.sun.jmx.mbeanserver.ConvertingMethod.getDescriptor()Ljavax/management/Descriptor;+4 java.management@17.0.2
j  com.sun.jmx.mbeanserver.MXBeanIntrospector.getMBeanAttributeInfo(Ljava/lang/String;Lcom/sun/jmx/mbeanserver/ConvertingMethod;Lcom/sun/jmx/mbeanserver/ConvertingMethod;)Ljavax/management/MBeanAttributeInfo;+112 java.management@17.0.2
j  com.sun.jmx.mbeanserver.MXBeanIntrospector.getMBeanAttributeInfo(Ljava/lang/String;Ljava/lang/Object;Ljava/lang/Object;)Ljavax/management/MBeanAttributeInfo;+10 java.management@17.0.2
j  com.sun.jmx.mbeanserver.MBeanIntrospector$MBeanInfoMaker.visitAttribute(Ljava/lang/String;Ljava/lang/Object;Ljava/lang/Object;)V+7 java.management@17.0.2
j  com.sun.jmx.mbeanserver.MBeanAnalyzer.visit(Lcom/sun/jmx/mbeanserver/MBeanAnalyzer$MBeanVisitor;)V+69 java.management@17.0.2
j  com.sun.jmx.mbeanserver.MBeanIntrospector.makeInterfaceMBeanInfo(Ljava/lang/Class;Lcom/sun/jmx/mbeanserver/MBeanAnalyzer;)Ljavax/management/MBeanInfo;+11 java.management@17.0.2
j  com.sun.jmx.mbeanserver.MBeanIntrospector.getPerInterface(Ljava/lang/Class;)Lcom/sun/jmx/mbeanserver/PerInterface;+54 java.management@17.0.2
j  com.sun.jmx.mbeanserver.MBeanSupport.<init>(Ljava/lang/Object;Ljava/lang/Class;)V+69 java.management@17.0.2
j  com.sun.jmx.mbeanserver.MXBeanSupport.<init>(Ljava/lang/Object;Ljava/lang/Class;)V+3 java.management@17.0.2
j  javax.management.StandardMBean.construct(Ljava/lang/Object;Ljava/lang/Class;ZZ)V+56 java.management@17.0.2
j  javax.management.StandardMBean.<init>(Ljava/lang/Object;Ljava/lang/Class;Z)V+9 java.management@17.0.2
j  java.lang.management.ManagementFactory.lambda$addMXBean$7(Ljava/lang/Object;Ljavax/management/MBeanServer;Ljavax/management/ObjectName;)Ljava/lang/Void;+53 java.management@17.0.2
j  java.lang.management.ManagementFactory$$Lambda$19+0x00000001000a3d78.run()Ljava/lang/Object;+12 java.management@17.0.2
j  java.security.AccessController.executePrivileged(Ljava/security/PrivilegedExceptionAction;Ljava/security/AccessControlContext;Ljava/lang/Class;)Ljava/lang/Object;+29 java.base@17.0.2
j  java.security.AccessController.doPrivileged(Ljava/security/PrivilegedExceptionAction;)Ljava/lang/Object;+9 java.base@17.0.2
j  java.lang.management.ManagementFactory.addMXBean(Ljavax/management/MBeanServer;Ljava/lang/String;Ljava/lang/Object;)V+13 java.management@17.0.2
j  java.lang.management.ManagementFactory.lambda$getPlatformMBeanServer$1(Ljava/util/Map$Entry;)V+18 java.management@17.0.2
j  java.lang.management.ManagementFactory$$Lambda$18+0x00000001000a2220.accept(Ljava/lang/Object;)V+4 java.management@17.0.2
j  java.util.stream.ForEachOps$ForEachOp$OfRef.accept(Ljava/lang/Object;)V+5 java.base@17.0.2
j  java.util.Collections$2.tryAdvance(Ljava/util/function/Consumer;)Z+29 java.base@17.0.2
j  java.util.Collections$2.forEachRemaining(Ljava/util/function/Consumer;)V+2 java.base@17.0.2
j  java.util.stream.ReferencePipeline$Head.forEach(Ljava/util/function/Consumer;)V+12 java.base@17.0.2
j  java.util.stream.ReferencePipeline$7$1.accept(Ljava/lang/Object;)V+41 java.base@17.0.2
j  java.util.stream.ReferencePipeline$2$1.accept(Ljava/lang/Object;)V+21 java.base@17.0.2
j  java.util.HashMap$ValueSpliterator.forEachRemaining(Ljava/util/function/Consumer;)V+145 java.base@17.0.2
j  java.util.stream.AbstractPipeline.copyInto(Ljava/util/stream/Sink;Ljava/util/Spliterator;)V+32 java.base@17.0.2
j  java.util.stream.AbstractPipeline.wrapAndCopyInto(Ljava/util/stream/Sink;Ljava/util/Spliterator;)Ljava/util/stream/Sink;+13 java.base@17.0.2
j  java.util.stream.ForEachOps$ForEachOp.evaluateSequential(Ljava/util/stream/PipelineHelper;Ljava/util/Spliterator;)Ljava/lang/Void;+3 java.base@17.0.2
j  java.util.stream.ForEachOps$ForEachOp$OfRef.evaluateSequential(Ljava/util/stream/PipelineHelper;Ljava/util/Spliterator;)Ljava/lang/Object;+3 java.base@17.0.2
j  java.util.stream.AbstractPipeline.evaluate(Ljava/util/stream/TerminalOp;)Ljava/lang/Object;+88 java.base@17.0.2
j  java.util.stream.ReferencePipeline.forEach(Ljava/util/function/Consumer;)V+6 java.base@17.0.2
j  java.lang.management.ManagementFactory.getPlatformMBeanServer()Ljavax/management/MBeanServer;+68 java.management@17.0.2
j  sun.management.jmxremote.ConnectorBootstrap.startRemoteConnectorServer(Ljava/lang/String;Ljava/util/Properties;)Ljavax/management/remote/JMXConnectorServer;+579 jdk.management.agent@17.0.2
j  jdk.internal.agent.Agent.startAgent(Ljava/util/Properties;)V+48 jdk.management.agent@17.0.2
j  jdk.internal.agent.Agent.startAgent()V+20 jdk.management.agent@17.0.2
v  ~StubRoutines::call_stub

---------------  P R O C E S S  ---------------

Threads class SMR info:
_java_thread_list=0x0000020a5eb6c4d0, length=11, elements={
0x0000020a542fde20, 0x0000020a5df56e60, 0x0000020a5df57fe0, 0x0000020a5dfb12a0,
0x0000020a5dfb2b70, 0x0000020a5dfb3430, 0x0000020a5dfb4d00, 0x0000020a5dfb55c0,
0x0000020a5dfe5170, 0x0000020a5e9c6700, 0x0000020a5eafb920
}

Java Threads: ( => current thread )
=>0x0000020a542fde20 JavaThread "main" [_thread_in_vm, id=22460, stack(0x0000008e4c300000,0x0000008e4c400000)]
  0x0000020a5df56e60 JavaThread "Reference Handler" daemon [_thread_blocked, id=23428, stack(0x0000008e4ca00000,0x0000008e4cb00000)]
  0x0000020a5df57fe0 JavaThread "Finalizer" daemon [_thread_blocked, id=23432, stack(0x0000008e4cb00000,0x0000008e4cc00000)]
  0x0000020a5dfb12a0 JavaThread "Signal Dispatcher" daemon [_thread_blocked, id=23436, stack(0x0000008e4cc00000,0x0000008e4cd00000)]
  0x0000020a5dfb2b70 JavaThread "Attach Listener" daemon [_thread_blocked, id=23440, stack(0x0000008e4cd00000,0x0000008e4ce00000)]
  0x0000020a5dfb3430 JavaThread "Service Thread" daemon [_thread_blocked, id=23444, stack(0x0000008e4ce00000,0x0000008e4cf00000)]
  0x0000020a5dfb4d00 JavaThread "Monitor Deflation Thread" daemon [_thread_blocked, id=23448, stack(0x0000008e4cf00000,0x0000008e4d000000)]
  0x0000020a5dfb55c0 JavaThread "C1 CompilerThread0" daemon [_thread_blocked, id=23452, stack(0x0000008e4d000000,0x0000008e4d100000)]
  0x0000020a5dfe5170 JavaThread "Sweeper thread" daemon [_thread_blocked, id=23488, stack(0x0000008e4d100000,0x0000008e4d200000)]
  0x0000020a5e9c6700 JavaThread "Common-Cleaner" daemon [_thread_blocked, id=23560, stack(0x0000008e4d200000,0x0000008e4d300000)]
  0x0000020a5eafb920 JavaThread "Notification Thread" daemon [_thread_blocked, id=23584, stack(0x0000008e4d500000,0x0000008e4d600000)]

Other Threads:
  0x0000020a5df181e0 VMThread "VM Thread" [stack: 0x0000008e4c900000,0x0000008e4ca00000] [id=23416]
  0x0000020a54326de0 GCTaskThread "GC Thread#0" [stack: 0x0000008e4c400000,0x0000008e4c500000] [id=22500]
  0x0000020a5432bc30 ConcurrentGCThread "G1 Main Marker" [stack: 0x0000008e4c500000,0x0000008e4c600000] [id=22504]
  0x0000020a5432c550 ConcurrentGCThread "G1 Conc#0" [stack: 0x0000008e4c600000,0x0000008e4c700000] [id=22508]
  0x0000020a543a3140 ConcurrentGCThread "G1 Refine#0" [stack: 0x0000008e4c700000,0x0000008e4c800000] [id=22512]
  0x0000020a543a4a80 ConcurrentGCThread "G1 Service" [stack: 0x0000008e4c800000,0x0000008e4c900000] [id=22516]

Threads with active compile tasks:

VM state: not at safepoint (normal execution)

VM Mutex/Monitor currently owned by a thread:  ([mutex/lock_event])
[0x0000020a542f91c0] Metaspace_lock - owner thread: 0x0000020a542fde20

Heap address: 0x00000000e0000000, size: 512 MB, Compressed Oops mode: 32-bit

CDS archive(s) not mapped
Compressed class space mapped at: 0x0000000100000000-0x0000000140000000, reserved size: 1073741824
Narrow klass base: 0x0000000000000000, Narrow klass shift: 3, Narrow klass range: 0x140000000

GC Precious Log:
 CPUs: 4 total, 4 available
 Memory: 8075M
 Large Page Support: Disabled
 NUMA Support: Disabled
 Compressed Oops: Enabled (32-bit)
 Heap Region Size: 1M
 Heap Min Capacity: 8M
 Heap Initial Capacity: 128M
 Heap Max Capacity: 512M
 Pre-touch: Disabled
 Parallel Workers: 4
 Concurrent Workers: 1
 Concurrent Refinement Workers: 4
 Periodic GC: Disabled

Heap:
 garbage-first heap   total 131072K, used 8192K [0x00000000e0000000, 0x0000000100000000)
  region size 1024K, 9 young (9216K), 0 survivors (0K)
 Metaspace       used 8204K, committed 8320K, reserved 1056768K
  class space    used 758K, committed 832K, reserved 1048576K

Heap Regions: E=young(eden), S=young(survivor), O=old, HS=humongous(starts), HC=humongous(continues), CS=collection set, F=free, OA=open archive, CA=closed archive, TAMS=top-at-mark-start (previous, next)
|   0|0x00000000e0000000, 0x00000000e0100000, 0x00000000e0100000|100%|HS|  |TAMS 0x00000000e0000000, 0x00000000e0000000| Complete 
|   1|0x00000000e0100000, 0x00000000e0100000, 0x00000000e0200000|  0%| F|  |TAMS 0x00000000e0100000, 0x00000000e0100000| Untracked 
|   2|0x00000000e0200000, 0x00000000e0200000, 0x00000000e0300000|  0%| F|  |TAMS 0x00000000e0200000, 0x00000000e0200000| Untracked 
|   3|0x00000000e0300000, 0x00000000e0300000, 0x00000000e0400000|  0%| F|  |TAMS 0x00000000e0300000, 0x00000000e0300000| Untracked 
|   4|0x00000000e0400000, 0x00000000e0400000, 0x00000000e0500000|  0%| F|  |TAMS 0x00000000e0400000, 0x00000000e0400000| Untracked 
|   5|0x00000000e0500000, 0x00000000e0500000, 0x00000000e0600000|  0%| F|  |TAMS 0x00000000e0500000, 0x00000000e0500000| Untracked 
|   6|0x00000000e0600000, 0x00000000e0600000, 0x00000000e0700000|  0%| F|  |TAMS 0x00000000e0600000, 0x00000000e0600000| Untracked 
|   7|0x00000000e0700000, 0x00000000e0700000, 0x00000000e0800000|  0%| F|  |TAMS 0x00000000e0700000, 0x00000000e0700000| Untracked 
|   8|0x00000000e0800000, 0x00000000e0800000, 0x00000000e0900000|  0%| F|  |TAMS 0x00000000e0800000, 0x00000000e0800000| Untracked 
|   9|0x00000000e0900000, 0x00000000e0900000, 0x00000000e0a00000|  0%| F|  |TAMS 0x00000000e0900000, 0x00000000e0900000| Untracked 
|  10|0x00000000e0a00000, 0x00000000e0a00000, 0x00000000e0b00000|  0%| F|  |TAMS 0x00000000e0a00000, 0x00000000e0a00000| Untracked 
|  11|0x00000000e0b00000, 0x00000000e0b00000, 0x00000000e0c00000|  0%| F|  |TAMS 0x00000000e0b00000, 0x00000000e0b00000| Untracked 
|  12|0x00000000e0c00000, 0x00000000e0c00000, 0x00000000e0d00000|  0%| F|  |TAMS 0x00000000e0c00000, 0x00000000e0c00000| Untracked 
|  13|0x00000000e0d00000, 0x00000000e0d00000, 0x00000000e0e00000|  0%| F|  |TAMS 0x00000000e0d00000, 0x00000000e0d00000| Untracked 
|  14|0x00000000e0e00000, 0x00000000e0e00000, 0x00000000e0f00000|  0%| F|  |TAMS 0x00000000e0e00000, 0x00000000e0e00000| Untracked 
|  15|0x00000000e0f00000, 0x00000000e0f00000, 0x00000000e1000000|  0%| F|  |TAMS 0x00000000e0f00000, 0x00000000e0f00000| Untracked 
|  16|0x00000000e1000000, 0x00000000e1000000, 0x00000000e1100000|  0%| F|  |TAMS 0x00000000e1000000, 0x00000000e1000000| Untracked 
|  17|0x00000000e1100000, 0x00000000e1100000, 0x00000000e1200000|  0%| F|  |TAMS 0x00000000e1100000, 0x00000000e1100000| Untracked 
|  18|0x00000000e1200000, 0x00000000e1200000, 0x00000000e1300000|  0%| F|  |TAMS 0x00000000e1200000, 0x00000000e1200000| Untracked 
|  19|0x00000000e1300000, 0x00000000e1300000, 0x00000000e1400000|  0%| F|  |TAMS 0x00000000e1300000, 0x00000000e1300000| Untracked 
|  20|0x00000000e1400000, 0x00000000e1400000, 0x00000000e1500000|  0%| F|  |TAMS 0x00000000e1400000, 0x00000000e1400000| Untracked 
|  21|0x00000000e1500000, 0x00000000e1500000, 0x00000000e1600000|  0%| F|  |TAMS 0x00000000e1500000, 0x00000000e1500000| Untracked 
|  22|0x00000000e1600000, 0x00000000e1600000, 0x00000000e1700000|  0%| F|  |TAMS 0x00000000e1600000, 0x00000000e1600000| Untracked 
|  23|0x00000000e1700000, 0x00000000e1700000, 0x00000000e1800000|  0%| F|  |TAMS 0x00000000e1700000, 0x00000000e1700000| Untracked 
|  24|0x00000000e1800000, 0x00000000e1800000, 0x00000000e1900000|  0%| F|  |TAMS 0x00000000e1800000, 0x00000000e1800000| Untracked 
|  25|0x00000000e1900000, 0x00000000e1900000, 0x00000000e1a00000|  0%| F|  |TAMS 0x00000000e1900000, 0x00000000e1900000| Untracked 
|  26|0x00000000e1a00000, 0x00000000e1a00000, 0x00000000e1b00000|  0%| F|  |TAMS 0x00000000e1a00000, 0x00000000e1a00000| Untracked 
|  27|0x00000000e1b00000, 0x00000000e1b00000, 0x00000000e1c00000|  0%| F|  |TAMS 0x00000000e1b00000, 0x00000000e1b00000| Untracked 
|  28|0x00000000e1c00000, 0x00000000e1c00000, 0x00000000e1d00000|  0%| F|  |TAMS 0x00000000e1c00000, 0x00000000e1c00000| Untracked 
|  29|0x00000000e1d00000, 0x00000000e1d00000, 0x00000000e1e00000|  0%| F|  |TAMS 0x00000000e1d00000, 0x00000000e1d00000| Untracked 
|  30|0x00000000e1e00000, 0x00000000e1e00000, 0x00000000e1f00000|  0%| F|  |TAMS 0x00000000e1e00000, 0x00000000e1e00000| Untracked 
|  31|0x00000000e1f00000, 0x00000000e1f00000, 0x00000000e2000000|  0%| F|  |TAMS 0x00000000e1f00000, 0x00000000e1f00000| Untracked 
|  32|0x00000000e2000000, 0x00000000e2000000, 0x00000000e2100000|  0%| F|  |TAMS 0x00000000e2000000, 0x00000000e2000000| Untracked 
|  33|0x00000000e2100000, 0x00000000e2100000, 0x00000000e2200000|  0%| F|  |TAMS 0x00000000e2100000, 0x00000000e2100000| Untracked 
|  34|0x00000000e2200000, 0x00000000e2200000, 0x00000000e2300000|  0%| F|  |TAMS 0x00000000e2200000, 0x00000000e2200000| Untracked 
|  35|0x00000000e2300000, 0x00000000e2300000, 0x00000000e2400000|  0%| F|  |TAMS 0x00000000e2300000, 0x00000000e2300000| Untracked 
|  36|0x00000000e2400000, 0x00000000e2400000, 0x00000000e2500000|  0%| F|  |TAMS 0x00000000e2400000, 0x00000000e2400000| Untracked 
|  37|0x00000000e2500000, 0x00000000e2500000, 0x00000000e2600000|  0%| F|  |TAMS 0x00000000e2500000, 0x00000000e2500000| Untracked 
|  38|0x00000000e2600000, 0x00000000e2600000, 0x00000000e2700000|  0%| F|  |TAMS 0x00000000e2600000, 0x00000000e2600000| Untracked 
|  39|0x00000000e2700000, 0x00000000e2700000, 0x00000000e2800000|  0%| F|  |TAMS 0x00000000e2700000, 0x00000000e2700000| Untracked 
|  40|0x00000000e2800000, 0x00000000e2800000, 0x00000000e2900000|  0%| F|  |TAMS 0x00000000e2800000, 0x00000000e2800000| Untracked 
|  41|0x00000000e2900000, 0x00000000e2900000, 0x00000000e2a00000|  0%| F|  |TAMS 0x00000000e2900000, 0x00000000e2900000| Untracked 
|  42|0x00000000e2a00000, 0x00000000e2a00000, 0x00000000e2b00000|  0%| F|  |TAMS 0x00000000e2a00000, 0x00000000e2a00000| Untracked 
|  43|0x00000000e2b00000, 0x00000000e2b00000, 0x00000000e2c00000|  0%| F|  |TAMS 0x00000000e2b00000, 0x00000000e2b00000| Untracked 
|  44|0x00000000e2c00000, 0x00000000e2c00000, 0x00000000e2d00000|  0%| F|  |TAMS 0x00000000e2c00000, 0x00000000e2c00000| Untracked 
|  45|0x00000000e2d00000, 0x00000000e2d00000, 0x00000000e2e00000|  0%| F|  |TAMS 0x00000000e2d00000, 0x00000000e2d00000| Untracked 
|  46|0x00000000e2e00000, 0x00000000e2e00000, 0x00000000e2f00000|  0%| F|  |TAMS 0x00000000e2e00000, 0x00000000e2e00000| Untracked 
|  47|0x00000000e2f00000, 0x00000000e2f00000, 0x00000000e3000000|  0%| F|  |TAMS 0x00000000e2f00000, 0x00000000e2f00000| Untracked 
|  48|0x00000000e3000000, 0x00000000e3000000, 0x00000000e3100000|  0%| F|  |TAMS 0x00000000e3000000, 0x00000000e3000000| Untracked 
|  49|0x00000000e3100000, 0x00000000e3100000, 0x00000000e3200000|  0%| F|  |TAMS 0x00000000e3100000, 0x00000000e3100000| Untracked 
|  50|0x00000000e3200000, 0x00000000e3200000, 0x00000000e3300000|  0%| F|  |TAMS 0x00000000e3200000, 0x00000000e3200000| Untracked 
|  51|0x00000000e3300000, 0x00000000e3300000, 0x00000000e3400000|  0%| F|  |TAMS 0x00000000e3300000, 0x00000000e3300000| Untracked 
|  52|0x00000000e3400000, 0x00000000e3400000, 0x00000000e3500000|  0%| F|  |TAMS 0x00000000e3400000, 0x00000000e3400000| Untracked 
|  53|0x00000000e3500000, 0x00000000e3500000, 0x00000000e3600000|  0%| F|  |TAMS 0x00000000e3500000, 0x00000000e3500000| Untracked 
|  54|0x00000000e3600000, 0x00000000e3600000, 0x00000000e3700000|  0%| F|  |TAMS 0x00000000e3600000, 0x00000000e3600000| Untracked 
|  55|0x00000000e3700000, 0x00000000e3700000, 0x00000000e3800000|  0%| F|  |TAMS 0x00000000e3700000, 0x00000000e3700000| Untracked 
|  56|0x00000000e3800000, 0x00000000e3800000, 0x00000000e3900000|  0%| F|  |TAMS 0x00000000e3800000, 0x00000000e3800000| Untracked 
|  57|0x00000000e3900000, 0x00000000e3900000, 0x00000000e3a00000|  0%| F|  |TAMS 0x00000000e3900000, 0x00000000e3900000| Untracked 
|  58|0x00000000e3a00000, 0x00000000e3a00000, 0x00000000e3b00000|  0%| F|  |TAMS 0x00000000e3a00000, 0x00000000e3a00000| Untracked 
|  59|0x00000000e3b00000, 0x00000000e3b00000, 0x00000000e3c00000|  0%| F|  |TAMS 0x00000000e3b00000, 0x00000000e3b00000| Untracked 
|  60|0x00000000e3c00000, 0x00000000e3c00000, 0x00000000e3d00000|  0%| F|  |TAMS 0x00000000e3c00000, 0x00000000e3c00000| Untracked 
|  61|0x00000000e3d00000, 0x00000000e3d00000, 0x00000000e3e00000|  0%| F|  |TAMS 0x00000000e3d00000, 0x00000000e3d00000| Untracked 
|  62|0x00000000e3e00000, 0x00000000e3e00000, 0x00000000e3f00000|  0%| F|  |TAMS 0x00000000e3e00000, 0x00000000e3e00000| Untracked 
|  63|0x00000000e3f00000, 0x00000000e3f00000, 0x00000000e4000000|  0%| F|  |TAMS 0x00000000e3f00000, 0x00000000e3f00000| Untracked 
|  64|0x00000000e4000000, 0x00000000e4000000, 0x00000000e4100000|  0%| F|  |TAMS 0x00000000e4000000, 0x00000000e4000000| Untracked 
|  65|0x00000000e4100000, 0x00000000e4100000, 0x00000000e4200000|  0%| F|  |TAMS 0x00000000e4100000, 0x00000000e4100000| Untracked 
|  66|0x00000000e4200000, 0x00000000e4200000, 0x00000000e4300000|  0%| F|  |TAMS 0x00000000e4200000, 0x00000000e4200000| Untracked 
|  67|0x00000000e4300000, 0x00000000e4300000, 0x00000000e4400000|  0%| F|  |TAMS 0x00000000e4300000, 0x00000000e4300000| Untracked 
|  68|0x00000000e4400000, 0x00000000e4400000, 0x00000000e4500000|  0%| F|  |TAMS 0x00000000e4400000, 0x00000000e4400000| Untracked 
|  69|0x00000000e4500000, 0x00000000e4500000, 0x00000000e4600000|  0%| F|  |TAMS 0x00000000e4500000, 0x00000000e4500000| Untracked 
|  70|0x00000000e4600000, 0x00000000e4600000, 0x00000000e4700000|  0%| F|  |TAMS 0x00000000e4600000, 0x00000000e4600000| Untracked 
|  71|0x00000000e4700000, 0x00000000e4700000, 0x00000000e4800000|  0%| F|  |TAMS 0x00000000e4700000, 0x00000000e4700000| Untracked 
|  72|0x00000000e4800000, 0x00000000e4800000, 0x00000000e4900000|  0%| F|  |TAMS 0x00000000e4800000, 0x00000000e4800000| Untracked 
|  73|0x00000000e4900000, 0x00000000e4900000, 0x00000000e4a00000|  0%| F|  |TAMS 0x00000000e4900000, 0x00000000e4900000| Untracked 
|  74|0x00000000e4a00000, 0x00000000e4a00000, 0x00000000e4b00000|  0%| F|  |TAMS 0x00000000e4a00000, 0x00000000e4a00000| Untracked 
|  75|0x00000000e4b00000, 0x00000000e4b00000, 0x00000000e4c00000|  0%| F|  |TAMS 0x00000000e4b00000, 0x00000000e4b00000| Untracked 
|  76|0x00000000e4c00000, 0x00000000e4c00000, 0x00000000e4d00000|  0%| F|  |TAMS 0x00000000e4c00000, 0x00000000e4c00000| Untracked 
|  77|0x00000000e4d00000, 0x00000000e4d00000, 0x00000000e4e00000|  0%| F|  |TAMS 0x00000000e4d00000, 0x00000000e4d00000| Untracked 
|  78|0x00000000e4e00000, 0x00000000e4e00000, 0x00000000e4f00000|  0%| F|  |TAMS 0x00000000e4e00000, 0x00000000e4e00000| Untracked 
|  79|0x00000000e4f00000, 0x00000000e4f00000, 0x00000000e5000000|  0%| F|  |TAMS 0x00000000e4f00000, 0x00000000e4f00000| Untracked 
|  80|0x00000000e5000000, 0x00000000e5000000, 0x00000000e5100000|  0%| F|  |TAMS 0x00000000e5000000, 0x00000000e5000000| Untracked 
|  81|0x00000000e5100000, 0x00000000e5100000, 0x00000000e5200000|  0%| F|  |TAMS 0x00000000e5100000, 0x00000000e5100000| Untracked 
|  82|0x00000000e5200000, 0x00000000e5200000, 0x00000000e5300000|  0%| F|  |TAMS 0x00000000e5200000, 0x00000000e5200000| Untracked 
|  83|0x00000000e5300000, 0x00000000e5300000, 0x00000000e5400000|  0%| F|  |TAMS 0x00000000e5300000, 0x00000000e5300000| Untracked 
|  84|0x00000000e5400000, 0x00000000e5400000, 0x00000000e5500000|  0%| F|  |TAMS 0x00000000e5400000, 0x00000000e5400000| Untracked 
|  85|0x00000000e5500000, 0x00000000e5500000, 0x00000000e5600000|  0%| F|  |TAMS 0x00000000e5500000, 0x00000000e5500000| Untracked 
|  86|0x00000000e5600000, 0x00000000e5600000, 0x00000000e5700000|  0%| F|  |TAMS 0x00000000e5600000, 0x00000000e5600000| Untracked 
|  87|0x00000000e5700000, 0x00000000e5700000, 0x00000000e5800000|  0%| F|  |TAMS 0x00000000e5700000, 0x00000000e5700000| Untracked 
|  88|0x00000000e5800000, 0x00000000e5800000, 0x00000000e5900000|  0%| F|  |TAMS 0x00000000e5800000, 0x00000000e5800000| Untracked 
|  89|0x00000000e5900000, 0x00000000e5900000, 0x00000000e5a00000|  0%| F|  |TAMS 0x00000000e5900000, 0x00000000e5900000| Untracked 
|  90|0x00000000e5a00000, 0x00000000e5a00000, 0x00000000e5b00000|  0%| F|  |TAMS 0x00000000e5a00000, 0x00000000e5a00000| Untracked 
|  91|0x00000000e5b00000, 0x00000000e5b00000, 0x00000000e5c00000|  0%| F|  |TAMS 0x00000000e5b00000, 0x00000000e5b00000| Untracked 
|  92|0x00000000e5c00000, 0x00000000e5c00000, 0x00000000e5d00000|  0%| F|  |TAMS 0x00000000e5c00000, 0x00000000e5c00000| Untracked 
|  93|0x00000000e5d00000, 0x00000000e5d00000, 0x00000000e5e00000|  0%| F|  |TAMS 0x00000000e5d00000, 0x00000000e5d00000| Untracked 
|  94|0x00000000e5e00000, 0x00000000e5e00000, 0x00000000e5f00000|  0%| F|  |TAMS 0x00000000e5e00000, 0x00000000e5e00000| Untracked 
|  95|0x00000000e5f00000, 0x00000000e5f00000, 0x00000000e6000000|  0%| F|  |TAMS 0x00000000e5f00000, 0x00000000e5f00000| Untracked 
|  96|0x00000000e6000000, 0x00000000e6000000, 0x00000000e6100000|  0%| F|  |TAMS 0x00000000e6000000, 0x00000000e6000000| Untracked 
|  97|0x00000000e6100000, 0x00000000e6100000, 0x00000000e6200000|  0%| F|  |TAMS 0x00000000e6100000, 0x00000000e6100000| Untracked 
|  98|0x00000000e6200000, 0x00000000e6200000, 0x00000000e6300000|  0%| F|  |TAMS 0x00000000e6200000, 0x00000000e6200000| Untracked 
|  99|0x00000000e6300000, 0x00000000e6300000, 0x00000000e6400000|  0%| F|  |TAMS 0x00000000e6300000, 0x00000000e6300000| Untracked 
| 100|0x00000000e6400000, 0x00000000e6400000, 0x00000000e6500000|  0%| F|  |TAMS 0x00000000e6400000, 0x00000000e6400000| Untracked 
| 101|0x00000000e6500000, 0x00000000e6500000, 0x00000000e6600000|  0%| F|  |TAMS 0x00000000e6500000, 0x00000000e6500000| Untracked 
| 102|0x00000000e6600000, 0x00000000e6600000, 0x00000000e6700000|  0%| F|  |TAMS 0x00000000e6600000, 0x00000000e6600000| Untracked 
| 103|0x00000000e6700000, 0x00000000e6700000, 0x00000000e6800000|  0%| F|  |TAMS 0x00000000e6700000, 0x00000000e6700000| Untracked 
| 104|0x00000000e6800000, 0x00000000e6800000, 0x00000000e6900000|  0%| F|  |TAMS 0x00000000e6800000, 0x00000000e6800000| Untracked 
| 105|0x00000000e6900000, 0x00000000e6900000, 0x00000000e6a00000|  0%| F|  |TAMS 0x00000000e6900000, 0x00000000e6900000| Untracked 
| 106|0x00000000e6a00000, 0x00000000e6a00000, 0x00000000e6b00000|  0%| F|  |TAMS 0x00000000e6a00000, 0x00000000e6a00000| Untracked 
| 107|0x00000000e6b00000, 0x00000000e6b00000, 0x00000000e6c00000|  0%| F|  |TAMS 0x00000000e6b00000, 0x00000000e6b00000| Untracked 
| 108|0x00000000e6c00000, 0x00000000e6c00000, 0x00000000e6d00000|  0%| F|  |TAMS 0x00000000e6c00000, 0x00000000e6c00000| Untracked 
| 109|0x00000000e6d00000, 0x00000000e6d00000, 0x00000000e6e00000|  0%| F|  |TAMS 0x00000000e6d00000, 0x00000000e6d00000| Untracked 
| 110|0x00000000e6e00000, 0x00000000e6e00000, 0x00000000e6f00000|  0%| F|  |TAMS 0x00000000e6e00000, 0x00000000e6e00000| Untracked 
| 111|0x00000000e6f00000, 0x00000000e6f00000, 0x00000000e7000000|  0%| F|  |TAMS 0x00000000e6f00000, 0x00000000e6f00000| Untracked 
| 112|0x00000000e7000000, 0x00000000e7000000, 0x00000000e7100000|  0%| F|  |TAMS 0x00000000e7000000, 0x00000000e7000000| Untracked 
| 113|0x00000000e7100000, 0x00000000e7100000, 0x00000000e7200000|  0%| F|  |TAMS 0x00000000e7100000, 0x00000000e7100000| Untracked 
| 114|0x00000000e7200000, 0x00000000e7200000, 0x00000000e7300000|  0%| F|  |TAMS 0x00000000e7200000, 0x00000000e7200000| Untracked 
| 115|0x00000000e7300000, 0x00000000e7300000, 0x00000000e7400000|  0%| F|  |TAMS 0x00000000e7300000, 0x00000000e7300000| Untracked 
| 116|0x00000000e7400000, 0x00000000e7400000, 0x00000000e7500000|  0%| F|  |TAMS 0x00000000e7400000, 0x00000000e7400000| Untracked 
| 117|0x00000000e7500000, 0x00000000e7500000, 0x00000000e7600000|  0%| F|  |TAMS 0x00000000e7500000, 0x00000000e7500000| Untracked 
| 118|0x00000000e7600000, 0x00000000e7600000, 0x00000000e7700000|  0%| F|  |TAMS 0x00000000e7600000, 0x00000000e7600000| Untracked 
| 119|0x00000000e7700000, 0x00000000e7743148, 0x00000000e7800000| 26%| E|  |TAMS 0x00000000e7700000, 0x00000000e7700000| Complete 
| 120|0x00000000e7800000, 0x00000000e7900000, 0x00000000e7900000|100%| E|CS|TAMS 0x00000000e7800000, 0x00000000e7800000| Complete 
| 121|0x00000000e7900000, 0x00000000e7a00000, 0x00000000e7a00000|100%| E|  |TAMS 0x00000000e7900000, 0x00000000e7900000| Complete 
| 122|0x00000000e7a00000, 0x00000000e7b00000, 0x00000000e7b00000|100%| E|CS|TAMS 0x00000000e7a00000, 0x00000000e7a00000| Complete 
| 123|0x00000000e7b00000, 0x00000000e7c00000, 0x00000000e7c00000|100%| E|CS|TAMS 0x00000000e7b00000, 0x00000000e7b00000| Complete 
| 124|0x00000000e7c00000, 0x00000000e7d00000, 0x00000000e7d00000|100%| E|CS|TAMS 0x00000000e7c00000, 0x00000000e7c00000| Complete 
| 125|0x00000000e7d00000, 0x00000000e7e00000, 0x00000000e7e00000|100%| E|CS|TAMS 0x00000000e7d00000, 0x00000000e7d00000| Complete 
| 126|0x00000000e7e00000, 0x00000000e7f00000, 0x00000000e7f00000|100%| E|CS|TAMS 0x00000000e7e00000, 0x00000000e7e00000| Complete 
| 127|0x00000000e7f00000, 0x00000000e8000000, 0x00000000e8000000|100%| E|CS|TAMS 0x00000000e7f00000, 0x00000000e7f00000| Complete 

Card table byte_map: [0x0000020a54090000,0x0000020a54190000] _byte_map_base: 0x0000020a53990000

Marking Bits (Prev, Next): (CMBitMap*) 0x0000020a54327300, (CMBitMap*) 0x0000020a54327340
 Prev Bits: [0x0000020a5a9b0000, 0x0000020a5b1b0000)
 Next Bits: [0x0000020a5b1b0000, 0x0000020a5b9b0000)

Polling page: 0x0000020a53ad0000

Metaspace:

Usage:
  Non-class:      7.27 MB used.
      Class:    758.97 KB used.
       Both:      8.01 MB used.

Virtual space:
  Non-class space:        8.00 MB reserved,       7.31 MB ( 91%) committed,  1 nodes.
      Class space:        1.00 GB reserved,     832.00 KB ( <1%) committed,  1 nodes.
             Both:        1.01 GB reserved,       8.12 MB ( <1%) committed. 

Chunk freelists:
   Non-Class:  478.00 KB
       Class:  3.23 MB
        Both:  3.70 MB

MaxMetaspaceSize: unlimited
CompressedClassSpaceSize: 1.00 GB
Initial GC threshold: 21.00 MB
Current GC threshold: 21.00 MB
CDS: off
MetaspaceReclaimPolicy: balanced
 - commit_granule_bytes: 65536.
 - commit_granule_words: 8192.
 - virtual_space_node_default_size: 1048576.
 - enlarge_chunks_in_place: 1.
 - new_chunks_are_fully_committed: 0.
 - uncommit_free_chunks: 1.
 - use_allocation_guard: 0.
 - handle_deallocations: 1.


Internal statistics:

num_allocs_failed_limit: 0.
num_arena_births: 40.
num_arena_deaths: 0.
num_vsnodes_births: 2.
num_vsnodes_deaths: 0.
num_space_committed: 130.
num_space_uncommitted: 0.
num_chunks_returned_to_freelist: 0.
num_chunks_taken_from_freelist: 60.
num_chunk_merges: 0.
num_chunk_splits: 32.
num_chunks_enlarged: 19.
num_purges: 0.
num_inconsistent_stats: 0.

CodeCache: size=49152Kb used=1691Kb max_used=2368Kb free=47460Kb
 bounds [0x0000020a579b0000, 0x0000020a57c20000, 0x0000020a5a9b0000]
 total_blobs=885 nmethods=506 adapters=307
 compilation: enabled
              stopped_count=0, restarted_count=0
 full_count=0

Compilation events (20 events):
Event: 25.454 Thread 0x0000020a5dfb55c0  497       1       java.util.LinkedHashMap::get (29 bytes)
Event: 25.455 Thread 0x0000020a5dfb55c0 nmethod 497 0x0000020a57b84190 code [0x0000020a57b84340, 0x0000020a57b84498]
Event: 25.455 Thread 0x0000020a5dfb55c0  498       1       java.lang.reflect.Method::getParameterTypes (11 bytes)
Event: 25.455 Thread 0x0000020a5dfb55c0 nmethod 498 0x0000020a57b83e10 code [0x0000020a57b83fa0, 0x0000020a57b840c8]
Event: 25.455 Thread 0x0000020a5dfb55c0  499       1       java.lang.reflect.Method::getRoot (5 bytes)
Event: 25.455 Thread 0x0000020a5dfb55c0 nmethod 499 0x0000020a57b83b10 code [0x0000020a57b83ca0, 0x0000020a57b83d78]
Event: 25.934 Thread 0x0000020a5dfb55c0  500       1       sun.reflect.generics.parser.SignatureParser::advance (53 bytes)
Event: 25.934 Thread 0x0000020a5dfb55c0 nmethod 500 0x0000020a57b83790 code [0x0000020a57b83920, 0x0000020a57b83a18]
Event: 26.014 Thread 0x0000020a5dfb55c0  501       1       sun.reflect.generics.parser.SignatureParser::current (59 bytes)
Event: 26.014 Thread 0x0000020a5dfb55c0 nmethod 501 0x0000020a57b83210 code [0x0000020a57b833c0, 0x0000020a57b835d8]
Event: 26.071 Thread 0x0000020a5dfb55c0  502       1       java.lang.Character::isWhitespace (5 bytes)
Event: 26.071 Thread 0x0000020a5dfb55c0 nmethod 502 0x0000020a57b82e90 code [0x0000020a57b83040, 0x0000020a57b83138]
Event: 26.071 Thread 0x0000020a5dfb55c0  503       1       java.lang.Character::isWhitespace (9 bytes)
Event: 26.071 Thread 0x0000020a5dfb55c0 nmethod 503 0x0000020a57b82b10 code [0x0000020a57b82cc0, 0x0000020a57b82db8]
Event: 26.071 Thread 0x0000020a5dfb55c0  504       1       java.lang.CharacterDataLatin1::isWhitespace (23 bytes)
Event: 26.072 Thread 0x0000020a5dfb55c0 nmethod 504 0x0000020a57b82790 code [0x0000020a57b82920, 0x0000020a57b82a38]
Event: 26.095 Thread 0x0000020a5dfb55c0  505       1       java.lang.invoke.MethodTypeForm::basicType (5 bytes)
Event: 26.095 Thread 0x0000020a5dfb55c0 nmethod 505 0x0000020a57b82490 code [0x0000020a57b82620, 0x0000020a57b826f8]
Event: 26.763 Thread 0x0000020a5dfb55c0  506       1       java.lang.invoke.LambdaForm::forceInterpretation (14 bytes)
Event: 26.763 Thread 0x0000020a5dfb55c0 nmethod 506 0x0000020a57b82190 code [0x0000020a57b82320, 0x0000020a57b823f8]

GC Heap History (0 events):
No events

Deoptimization events (2 events):
Event: 10.360 Thread 0x0000020a542fde20 DEOPT PACKING pc=0x0000020a57bd3fe5 sp=0x0000008e4c3fca40
Event: 10.360 Thread 0x0000020a542fde20 DEOPT UNPACKING pc=0x0000020a57a02b43 sp=0x0000008e4c3fbfa0 mode 3

Classes unloaded (0 events):
No events

Classes redefined (0 events):
No events

Internal exceptions (5 events):
Event: 10.360 Thread 0x0000020a542fde20 Implicit null exception at 0x0000020a57bd3943 to 0x0000020a57bd3fe0
Event: 12.354 Thread 0x0000020a542fde20 Exception <a 'java/lang/NoSuchMethodError'{0x00000000e787d3f0}: 'java.lang.Object java.lang.invoke.DirectMethodHandle$Holder.invokeStaticInit(java.lang.Object)'> (0x00000000e787d3f0) 
thrown [e:\jenkins\tmp\workspace\build\src\src\hotspot\share\interpreter\linkResolver.cpp, line 766]
Event: 15.927 Thread 0x0000020a542fde20 Exception <a 'java/lang/NoSuchMethodError'{0x00000000e7899070}: 'int java.lang.invoke.DirectMethodHandle$Holder.invokeInterface(java.lang.Object, java.lang.Object)'> (0x00000000e7899070) 
thrown [e:\jenkins\tmp\workspace\build\src\src\hotspot\share\interpreter\linkResolver.cpp, line 766]
Event: 15.933 Thread 0x0000020a542fde20 Exception <a 'java/lang/IncompatibleClassChangeError'{0x00000000e789c670}: Found class java.lang.Object, but interface was expected> (0x00000000e789c670) 
thrown [e:\jenkins\tmp\workspace\build\src\src\hotspot\share\interpreter\linkResolver.cpp, line 833]
Event: 15.937 Thread 0x0000020a542fde20 Exception <a 'java/lang/NoSuchMethodError'{0x00000000e78a2220}: 'void java.lang.invoke.DirectMethodHandle$Holder.invokeStatic(java.lang.Object, java.lang.Object)'> (0x00000000e78a2220) 
thrown [e:\jenkins\tmp\workspace\build\src\src\hotspot\share\interpreter\linkResolver.cpp, line 766]

VM Operations (20 events):
Event: 5.981 Executing VM operation: Cleanup
Event: 6.075 Executing VM operation: Cleanup done
Event: 7.090 Executing VM operation: Cleanup
Event: 7.168 Executing VM operation: Cleanup done
Event: 7.179 Executing VM operation: HandshakeAllThreads
Event: 7.179 Executing VM operation: HandshakeAllThreads done
Event: 8.183 Executing VM operation: Cleanup
Event: 8.902 Executing VM operation: Cleanup done
Event: 9.905 Executing VM operation: Cleanup
Event: 10.327 Executing VM operation: Cleanup done
Event: 11.330 Executing VM operation: Cleanup
Event: 11.611 Executing VM operation: Cleanup done
Event: 12.626 Executing VM operation: Cleanup
Event: 13.506 Executing VM operation: Cleanup done
Event: 15.956 Executing VM operation: HandshakeAllThreads
Event: 15.956 Executing VM operation: HandshakeAllThreads done
Event: 15.956 Executing VM operation: Cleanup
Event: 15.956 Executing VM operation: Cleanup done
Event: 21.002 Executing VM operation: Cleanup
Event: 25.421 Executing VM operation: Cleanup done

Events (20 events):
Event: 26.074 loading class sun/reflect/annotation/AnnotationInvocationHandler done
Event: 26.074 loading class java/lang/reflect/Proxy
Event: 26.074 loading class java/lang/reflect/Proxy done
Event: 26.074 loading class java/lang/reflect/Proxy$1
Event: 26.074 loading class java/lang/ClassValue
Event: 26.075 loading class java/lang/ClassValue done
Event: 26.075 loading class java/lang/reflect/Proxy$1 done
Event: 26.075 loading class java/lang/ClassValue$Entry
Event: 26.075 loading class java/lang/ClassValue$Entry done
Event: 26.075 loading class java/lang/ClassValue$Identity
Event: 26.075 loading class java/lang/ClassValue$Identity done
Event: 26.075 loading class java/lang/ClassValue$Version
Event: 26.075 loading class java/lang/ClassValue$Version done
Event: 26.075 loading class jdk/internal/loader/AbstractClassLoaderValue$Sub
Event: 26.075 loading class jdk/internal/loader/AbstractClassLoaderValue$Sub done
Event: 26.468 loading class java/lang/reflect/Proxy$ProxyBuilder
Event: 26.469 loading class java/lang/reflect/Proxy$ProxyBuilder done
Event: 26.783 loading class java/lang/module/ModuleDescriptor$Builder
Event: 26.783 loading class java/lang/module/ModuleDescriptor$Builder done
Event: 26.804 loading class jdk/internal/module/Checks


Dynamic libraries:
0x00007ff6d80b0000 - 0x00007ff6d80be000 	D:\Download\sts-4.14.1.RELEASE\plugins\org.eclipse.justj.openjdk.hotspot.jre.full.win32.x86_64_17.0.2.v20220201-1208\jre\bin\javaw.exe
0x00007ffb45910000 - 0x00007ffb45b05000 	C:\Windows\SYSTEM32\ntdll.dll
0x00007ffb457d0000 - 0x00007ffb4588d000 	C:\Windows\System32\KERNEL32.DLL
0x00007ffb43210000 - 0x00007ffb434dd000 	C:\Windows\System32\KERNELBASE.dll
0x00007ffb43780000 - 0x00007ffb43880000 	C:\Windows\System32\ucrtbase.dll
0x00007ffb3daa0000 - 0x00007ffb3dab8000 	D:\Download\sts-4.14.1.RELEASE\plugins\org.eclipse.justj.openjdk.hotspot.jre.full.win32.x86_64_17.0.2.v20220201-1208\jre\bin\jli.dll
0x00007ffb44d20000 - 0x00007ffb44ec0000 	C:\Windows\System32\USER32.dll
0x00007ffb43020000 - 0x00007ffb43042000 	C:\Windows\System32\win32u.dll
0x00007ffb43c00000 - 0x00007ffb43c2a000 	C:\Windows\System32\GDI32.dll
0x00007ffb43510000 - 0x00007ffb4361b000 	C:\Windows\System32\gdi32full.dll
0x00007ffb43050000 - 0x00007ffb430ed000 	C:\Windows\System32\msvcp_win.dll
0x00007ffb19640000 - 0x00007ffb19659000 	D:\Download\sts-4.14.1.RELEASE\plugins\org.eclipse.justj.openjdk.hotspot.jre.full.win32.x86_64_17.0.2.v20220201-1208\jre\bin\VCRUNTIME140.dll
0x00007ffb32930000 - 0x00007ffb32bca000 	C:\Windows\WinSxS\amd64_microsoft.windows.common-controls_6595b64144ccf1df_6.0.19041.1110_none_60b5254171f9507e\COMCTL32.dll
0x00007ffb44c20000 - 0x00007ffb44cbe000 	C:\Windows\System32\msvcrt.dll
0x00007ffb44f20000 - 0x00007ffb44f50000 	C:\Windows\System32\IMM32.DLL
0x00007ffb3c820000 - 0x00007ffb3c82c000 	D:\Download\sts-4.14.1.RELEASE\plugins\org.eclipse.justj.openjdk.hotspot.jre.full.win32.x86_64_17.0.2.v20220201-1208\jre\bin\vcruntime140_1.dll
0x00007ffb06ad0000 - 0x00007ffb06b61000 	D:\Download\sts-4.14.1.RELEASE\plugins\org.eclipse.justj.openjdk.hotspot.jre.full.win32.x86_64_17.0.2.v20220201-1208\jre\bin\msvcp140.dll
0x00007ffb05a90000 - 0x00007ffb066d7000 	D:\Download\sts-4.14.1.RELEASE\plugins\org.eclipse.justj.openjdk.hotspot.jre.full.win32.x86_64_17.0.2.v20220201-1208\jre\bin\server\jvm.dll
0x00007ffb446f0000 - 0x00007ffb4479e000 	C:\Windows\System32\ADVAPI32.dll
0x00007ffb43a30000 - 0x00007ffb43acc000 	C:\Windows\System32\sechost.dll
0x00007ffb44f50000 - 0x00007ffb45075000 	C:\Windows\System32\RPCRT4.dll
0x00007ffb458c0000 - 0x00007ffb458c8000 	C:\Windows\System32\PSAPI.DLL
0x00007ffb3eaa0000 - 0x00007ffb3eaa9000 	C:\Windows\SYSTEM32\WSOCK32.dll
0x00007ffb44520000 - 0x00007ffb4458b000 	C:\Windows\System32\WS2_32.dll
0x00007ffb2e860000 - 0x00007ffb2e887000 	C:\Windows\SYSTEM32\WINMM.dll
0x00007ffb3b910000 - 0x00007ffb3b91a000 	C:\Windows\SYSTEM32\VERSION.dll
0x00007ffb418e0000 - 0x00007ffb418f2000 	C:\Windows\SYSTEM32\kernel.appcore.dll
0x00007ffb3e240000 - 0x00007ffb3e24a000 	D:\Download\sts-4.14.1.RELEASE\plugins\org.eclipse.justj.openjdk.hotspot.jre.full.win32.x86_64_17.0.2.v20220201-1208\jre\bin\jimage.dll
0x00007ffb40e00000 - 0x00007ffb40fe4000 	C:\Windows\SYSTEM32\DBGHELP.DLL
0x00007ffb2c0c0000 - 0x00007ffb2c0ec000 	C:\Windows\SYSTEM32\dbgcore.DLL
0x00007ffb43880000 - 0x00007ffb43902000 	C:\Windows\System32\bcryptPrimitives.dll
0x00007ffb3dac0000 - 0x00007ffb3dae5000 	D:\Download\sts-4.14.1.RELEASE\plugins\org.eclipse.justj.openjdk.hotspot.jre.full.win32.x86_64_17.0.2.v20220201-1208\jre\bin\java.dll
0x00007ffb3da80000 - 0x00007ffb3da98000 	D:\Download\sts-4.14.1.RELEASE\plugins\org.eclipse.justj.openjdk.hotspot.jre.full.win32.x86_64_17.0.2.v20220201-1208\jre\bin\zip.dll
0x00007ffb45080000 - 0x00007ffb457c4000 	C:\Windows\System32\SHELL32.dll
0x00007ffb40ff0000 - 0x00007ffb41784000 	C:\Windows\SYSTEM32\windows.storage.dll
0x00007ffb43e10000 - 0x00007ffb44164000 	C:\Windows\System32\combase.dll
0x00007ffb42a80000 - 0x00007ffb42aac000 	C:\Windows\SYSTEM32\Wldp.dll
0x00007ffb44590000 - 0x00007ffb4463d000 	C:\Windows\System32\SHCORE.dll
0x00007ffb43c90000 - 0x00007ffb43ce5000 	C:\Windows\System32\shlwapi.dll
0x00007ffb42f60000 - 0x00007ffb42f7f000 	C:\Windows\SYSTEM32\profapi.dll
0x00007ffb3da60000 - 0x00007ffb3da79000 	D:\Download\sts-4.14.1.RELEASE\plugins\org.eclipse.justj.openjdk.hotspot.jre.full.win32.x86_64_17.0.2.v20220201-1208\jre\bin\net.dll
0x00007ffb331d0000 - 0x00007ffb332da000 	C:\Windows\SYSTEM32\WINHTTP.dll
0x00007ffb427e0000 - 0x00007ffb4284a000 	C:\Windows\system32\mswsock.dll
0x00007ffb3da40000 - 0x00007ffb3da55000 	D:\Download\sts-4.14.1.RELEASE\plugins\org.eclipse.justj.openjdk.hotspot.jre.full.win32.x86_64_17.0.2.v20220201-1208\jre\bin\nio.dll
0x00007ffb3da20000 - 0x00007ffb3da29000 	D:\Download\sts-4.14.1.RELEASE\plugins\org.eclipse.justj.openjdk.hotspot.jre.full.win32.x86_64_17.0.2.v20220201-1208\jre\bin\management.dll
0x00007ffb3da10000 - 0x00007ffb3da1b000 	D:\Download\sts-4.14.1.RELEASE\plugins\org.eclipse.justj.openjdk.hotspot.jre.full.win32.x86_64_17.0.2.v20220201-1208\jre\bin\management_ext.dll

dbghelp: loaded successfully - version: 4.0.5 - missing functions: none
symbol engine: initialized successfully - sym options: 0x614 - pdb path: .;D:\Download\sts-4.14.1.RELEASE\plugins\org.eclipse.justj.openjdk.hotspot.jre.full.win32.x86_64_17.0.2.v20220201-1208\jre\bin;C:\Windows\SYSTEM32;C:\Windows\WinSxS\amd64_microsoft.windows.common-controls_6595b64144ccf1df_6.0.19041.1110_none_60b5254171f9507e;D:\Download\sts-4.14.1.RELEASE\plugins\org.eclipse.justj.openjdk.hotspot.jre.full.win32.x86_64_17.0.2.v20220201-1208\jre\bin\server

VM Arguments:
jvm_args: -Dcom.sun.management.jmxremote -Dcom.sun.management.jmxremote.port=49977 -Dcom.sun.management.jmxremote.authenticate=false -Dcom.sun.management.jmxremote.ssl=false -Djava.rmi.server.hostname=localhost -Dspring.jmx.enabled=true -Dspring.application.admin.enabled=true -XX:TieredStopAtLevel=1 -Dspring.boot.project.name=war-tech-shop -Dfile.encoding=UTF-8 -XX:+ShowCodeDetailsInExceptionMessages -Xmx512M 
java_command: edu.poly.shop.WarTechShopApplication --spring.output.ansi.enabled=always
java_class_path (initial): D:\springToolSuite\war-tech-shop\target\classes;D:\Desktop\sqljdbc_10.2\enu\mssql-jdbc-10.2.1.jre8.jar;C:\Users\LAPTOP 74\.m2\repository\org\springframework\boot\spring-boot-starter-data-jpa\2.7.0\spring-boot-starter-data-jpa-2.7.0.jar;C:\Users\LAPTOP 74\.m2\repository\org\springframework\boot\spring-boot-starter-aop\2.7.0\spring-boot-starter-aop-2.7.0.jar;C:\Users\LAPTOP 74\.m2\repository\org\springframework\spring-aop\5.3.20\spring-aop-5.3.20.jar;C:\Users\LAPTOP 74\.m2\repository\org\aspectj\aspectjweaver\1.9.7\aspectjweaver-1.9.7.jar;C:\Users\LAPTOP 74\.m2\repository\org\springframework\boot\spring-boot-starter-jdbc\2.7.0\spring-boot-starter-jdbc-2.7.0.jar;C:\Users\LAPTOP 74\.m2\repository\com\zaxxer\HikariCP\4.0.3\HikariCP-4.0.3.jar;C:\Users\LAPTOP 74\.m2\repository\org\springframework\spring-jdbc\5.3.20\spring-jdbc-5.3.20.jar;C:\Users\LAPTOP 74\.m2\repository\jakarta\transaction\jakarta.transaction-api\1.3.3\jakarta.transaction-api-1.3.3.jar;C:\Users\LAPTOP 74\.m2\repository\jakarta\persistence\jakarta.persistence-api\2.2.3\jakarta.persistence-api-2.2.3.jar;C:\Users\LAPTOP 74\.m2\repository\org\springframework\data\spring-data-jpa\2.7.0\spring-data-jpa-2.7.0.jar;C:\Users\LAPTOP 74\.m2\repository\org\springframework\data\spring-data-commons\2.7.0\spring-data-commons-2.7.0.jar;C:\Users\LAPTOP 74\.m2\repository\org\springframework\spring-orm\5.3.20\spring-orm-5.3.20.jar;C:\Users\LAPTOP 74\.m2\repository\org\springframework\spring-context\5.3.20\spring-context-5.3.20.jar;C:\Users\LAPTOP 74\.m2\repository\org\springframework\spring-tx\5.3.20\spring-tx-5.3.20.jar;C:\Users\LAPTOP 74\.m2\repository\org\springframework\spring-beans\5.3.20\spring-beans-5.3.20.jar;C:\Users\LAPTOP 74\.m2\repository\org\slf4j\slf4j-api\1.7.36\slf4j-api-1.7.36.jar;C:\Users\LAPTOP 74\.m2\repository\org\springframework\spring-aspects\5.3.20\spring-aspects-5.3.20.jar;C:\Users\LAPTOP 74\.m2\repository\org\springframework\boot\spring-boot-starter-mail\2.7.0\spring-boo
Launcher Type: SUN_STANDARD

[Global flags]
     intx CICompilerCount                          = 3                                         {product} {ergonomic}
     uint ConcGCThreads                            = 1                                         {product} {ergonomic}
     uint G1ConcRefinementThreads                  = 4                                         {product} {ergonomic}
   size_t G1HeapRegionSize                         = 1048576                                   {product} {ergonomic}
    uintx GCDrainStackTargetSize                   = 64                                        {product} {ergonomic}
   size_t InitialHeapSize                          = 134217728                                 {product} {ergonomic}
     bool ManagementServer                         = true                                      {product} {command line}
   size_t MarkStackSize                            = 4194304                                   {product} {ergonomic}
   size_t MaxHeapSize                              = 536870912                                 {product} {command line}
   size_t MaxNewSize                               = 321912832                                 {product} {ergonomic}
   size_t MinHeapDeltaBytes                        = 1048576                                   {product} {ergonomic}
   size_t MinHeapSize                              = 8388608                                   {product} {ergonomic}
    uintx NonProfiledCodeHeapSize                  = 0                                      {pd product} {ergonomic}
     bool ProfileInterpreter                       = false                                  {pd product} {command line}
    uintx ProfiledCodeHeapSize                     = 0                                      {pd product} {ergonomic}
     bool ShowCodeDetailsInExceptionMessages       = true                                   {manageable} {command line}
   size_t SoftMaxHeapSize                          = 536870912                              {manageable} {ergonomic}
     intx TieredStopAtLevel                        = 1                                         {product} {command line}
     bool UseCompressedClassPointers               = true                           {product lp64_product} {ergonomic}
     bool UseCompressedOops                        = true                           {product lp64_product} {ergonomic}
     bool UseG1GC                                  = true                                      {product} {ergonomic}
     bool UseLargePagesIndividualAllocation        = false                                  {pd product} {ergonomic}

Logging:
Log output configuration:
 #0: stdout all=warning uptime,level,tags
 #1: stderr all=off uptime,level,tags

Environment Variables:
JAVA_HOME=D:\Desktop\jdk17-1
_JAVA_OPTIONS=-Xmx512M
CLASSPATH=%CLASSPATH%;%JUNIT_HOME%\JUNIT4.10.jar;D:\Desktop\junit4\JUNIT4.10.jar;D:\Desktop\junit4\JUNIT4.10.jar
PATH=D:/Download/sts-4.14.1.RELEASE//plugins/org.eclipse.justj.openjdk.hotspot.jre.full.win32.x86_64_17.0.2.v20220201-1208/jre/bin/server;D:/Download/sts-4.14.1.RELEASE//plugins/org.eclipse.justj.openjdk.hotspot.jre.full.win32.x86_64_17.0.2.v20220201-1208/jre/bin;"D:\Desktop\jdk17-1\bin;C:\Program Files\Java\jre1.8.0_321\bin";C:\Program Files\Common Files\Oracle\Java\javapath;C:\Program Files (x86)\Common Files\Oracle\Java\javapath;C:\Windows\system32;C:\Windows;C:\Windows\System32\Wbem;C:\Windows\System32\WindowsPowerShell\v1.0\;C:\Windows\System32\OpenSSH\;C:\Program Files (x86)\NVIDIA Corporation\PhysX\Common;C:\Program Files\NVIDIA Corporation\NVIDIA NvDLISR;C:\Program Files\nodejs;C:\Program Files\Microsoft SQL Server\Client SDK\ODBC\170\Tools\Binn\;C:\Program Files (x86)\Microsoft SQL Server\150\Tools\Binn\;C:\Program Files\Microsoft SQL Server\150\Tools\Binn\;C:\Program Files\Microsoft SQL Server\150\DTS\Binn\;C:\Program Files (x86)\Microsoft SQL Server\150\DTS\Binn\;C:\Program Files\Azure Data Studio\bin;C:\Users\LAPTOP 74\AppData\Local\Microsoft\WindowsApps;C:\Program Files\nodejs;C:\Program Files\Azure Data Studio\bin;;D:\Download\sts-4.14.1.RELEASE;
USERNAME=LAPTOP 74
OS=Windows_NT
PROCESSOR_IDENTIFIER=Intel64 Family 6 Model 69 Stepping 1, GenuineIntel



---------------  S Y S T E M  ---------------

OS:
 Windows 10 , 64 bit Build 19041 (10.0.19041.1706)
OS uptime: 0 days 7:05 hours

CPU: total 4 (initial active 4) (2 cores per cpu, 2 threads per core) family 6 model 69 stepping 1 microcode 0x25, cx8, cmov, fxsr, ht, mmx, sse, sse2, sse3, ssse3, sse4.1, sse4.2, popcnt, lzcnt, tsc, tscinvbit, avx, avx2, aes, erms, clmul, bmi1, bmi2, fma, vzeroupper, clflush

Memory: 4k page, system-wide physical 8075M (359M free)
TotalPageFile size 14949M (AvailPageFile size 177M)
current process WorkingSet (physical memory assigned to process): 21M, peak: 40M
current process commit charge ("private bytes"): 198M, peak: 198M

vm_info: OpenJDK 64-Bit Server VM (17.0.2+8) for windows-amd64 JRE (17.0.2+8), built on Jan 20 2022 04:52:34 by "" with MS VC++ 16.7 (VS2019)

END.
