#
# There is insufficient memory for the Java Runtime Environment to continue.
# Native memory allocation (mmap) failed to map 65536 bytes for Failed to commit metaspace.
# Possible reasons:
#   The system is out of physical RAM or swap space
#   The process is running with CompressedOops enabled, and the Java Heap may be blocking the growth of the native heap
# Possible solutions:
#   Reduce memory load on the system
#   Increase physical memory or swap space
#   Check if swap backing store is full
#   Decrease Java heap size (-Xmx/-Xms)
#   Decrease number of Java threads
#   Decrease Java thread stack sizes (-Xss)
#   Set larger code cache with -XX:ReservedCodeCacheSize=
#   JVM is running with Unscaled Compressed Oops mode in which the Java heap is
#     placed in the first 4GB address space. The Java Heap base address is the
#     maximum limit for the native heap growth. Please use -XX:HeapBaseMinAddress
#     to set the Java Heap base and to place the Java Heap above 4GB virtual address.
# This output file may be truncated or incomplete.
#
#  Out of Memory Error (virtualSpaceNode.cpp:110), pid=29180, tid=6028
#
# JRE version: OpenJDK Runtime Environment Temurin-17.0.2+8 (17.0.2+8) (build 17.0.2+8)
# Java VM: OpenJDK 64-Bit Server VM Temurin-17.0.2+8 (17.0.2+8, mixed mode, emulated-client, tiered, compressed oops, compressed class ptrs, g1 gc, windows-amd64)
# No core dump will be written. Minidumps are not enabled by default on client versions of Windows
#

---------------  S U M M A R Y ------------

Command Line: -Dcom.sun.management.jmxremote -Dcom.sun.management.jmxremote.port=58224 -Dcom.sun.management.jmxremote.authenticate=false -Dcom.sun.management.jmxremote.ssl=false -Djava.rmi.server.hostname=localhost -Dspring.jmx.enabled=true -Dspring.application.admin.enabled=true -XX:TieredStopAtLevel=1 -Dspring.boot.project.name=war-tech-shop -Dfile.encoding=UTF-8 -XX:+ShowCodeDetailsInExceptionMessages -Xmx512M edu.poly.shop.WarTechShopApplication --spring.output.ansi.enabled=always

Host: Intel(R) Core(TM) i5-4200U CPU @ 1.60GHz, 4 cores, 7G,  Windows 10 , 64 bit Build 19041 (10.0.19041.1706)
Time: Sat Jun 25 03:44:47 2022 SE Asia Standard Time elapsed time: 35.258201 seconds (0d 0h 0m 35s)

---------------  T H R E A D  ---------------

Current thread (0x000002ef84393770):  JavaThread "restartedMain" [_thread_in_vm, id=6028, stack(0x000000f9e6a00000,0x000000f9e6b00000)]

Stack: [0x000000f9e6a00000,0x000000f9e6b00000]
Native frames: (J=compiled Java code, j=interpreted, Vv=VM code, C=native code)
V  [jvm.dll+0x67564a]
V  [jvm.dll+0x82fc04]
V  [jvm.dll+0x8313ae]
V  [jvm.dll+0x831a13]
V  [jvm.dll+0x245235]
V  [jvm.dll+0x82bbab]
V  [jvm.dll+0x61a336]
V  [jvm.dll+0x61a39a]
V  [jvm.dll+0x61cbba]
V  [jvm.dll+0x61acd6]
V  [jvm.dll+0x624a37]
V  [jvm.dll+0x1e9eab]
V  [jvm.dll+0x1ea3e5]
V  [jvm.dll+0x1eae1f]
V  [jvm.dll+0x1e02c1]
V  [jvm.dll+0x53b6e0]
V  [jvm.dll+0x1f0ab7]
V  [jvm.dll+0x7aa1bb]
V  [jvm.dll+0x7ab562]
V  [jvm.dll+0x413565]
C  [java.dll+0x1a55]

Java frames: (J=compiled Java code, j=interpreted, Vv=VM code)
J 1124  java.lang.ClassLoader.findBootstrapClass(Ljava/lang/String;)Ljava/lang/Class; java.base@17.0.2 (0 bytes) @ 0x000002effcabc772 [0x000002effcabc720+0x0000000000000052]
J 1130 c1 jdk.internal.loader.ClassLoaders$BootClassLoader.loadClassOrNull(Ljava/lang/String;Z)Ljava/lang/Class; java.base@17.0.2 (10 bytes) @ 0x000002effcabe8a4 [0x000002effcabe840+0x0000000000000064]
J 1020 c1 jdk.internal.loader.BuiltinClassLoader.loadClassOrNull(Ljava/lang/String;Z)Ljava/lang/Class; java.base@17.0.2 (143 bytes) @ 0x000002effca8e9f4 [0x000002effca8e680+0x0000000000000374]
J 1155 c1 jdk.internal.loader.ClassLoaders$AppClassLoader.loadClass(Ljava/lang/String;Z)Ljava/lang/Class; java.base@17.0.2 (40 bytes) @ 0x000002effcacbc24 [0x000002effcacbae0+0x0000000000000144]
J 1128 c1 java.lang.ClassLoader.loadClass(Ljava/lang/String;)Ljava/lang/Class; java.base@17.0.2 (7 bytes) @ 0x000002effcabe164 [0x000002effcabe120+0x0000000000000044]
v  ~StubRoutines::call_stub
J 990  java.lang.Class.forName0(Ljava/lang/String;ZLjava/lang/ClassLoader;Ljava/lang/Class;)Ljava/lang/Class; java.base@17.0.2 (0 bytes) @ 0x000002effc94a8a7 [0x000002effc94a820+0x0000000000000087]
J 991 c1 java.lang.Class.forName(Ljava/lang/String;ZLjava/lang/ClassLoader;)Ljava/lang/Class; java.base@17.0.2 (47 bytes) @ 0x000002effc94a4b4 [0x000002effc94a3c0+0x00000000000000f4]
j  sun.reflect.generics.factory.CoreReflectionFactory.makeNamedType(Ljava/lang/String;)Ljava/lang/reflect/Type;+6 java.base@17.0.2
j  sun.reflect.generics.visitor.Reifier.visitClassTypeSignature(Lsun/reflect/generics/tree/ClassTypeSignature;)V+173 java.base@17.0.2
j  sun.reflect.generics.tree.ClassTypeSignature.accept(Lsun/reflect/generics/visitor/TypeTreeVisitor;)V+2 java.base@17.0.2
j  sun.reflect.generics.visitor.Reifier.reifyTypeArguments([Lsun/reflect/generics/tree/TypeArgument;)[Ljava/lang/reflect/Type;+18 java.base@17.0.2
j  sun.reflect.generics.visitor.Reifier.visitClassTypeSignature(Lsun/reflect/generics/tree/ClassTypeSignature;)V+250 java.base@17.0.2
j  sun.reflect.generics.tree.ClassTypeSignature.accept(Lsun/reflect/generics/visitor/TypeTreeVisitor;)V+2 java.base@17.0.2
j  sun.reflect.generics.repository.ClassRepository.computeSuperInterfaces()[Ljava/lang/reflect/Type;+40 java.base@17.0.2
j  sun.reflect.generics.repository.ClassRepository.getSuperInterfaces()[Ljava/lang/reflect/Type;+10 java.base@17.0.2
j  java.lang.Class.getGenericInterfaces()[Ljava/lang/reflect/Type;+17 java.base@17.0.2
j  org.springframework.core.ResolvableType.getInterfaces()[Lorg/springframework/core/ResolvableType;+23
j  org.springframework.core.ResolvableType.as(Ljava/lang/Class;)Lorg/springframework/core/ResolvableType;+28
j  org.springframework.core.convert.support.GenericConversionService.getRequiredTypeInfo(Ljava/lang/Class;Ljava/lang/Class;)[Lorg/springframework/core/ResolvableType;+5
j  org.springframework.core.convert.support.GenericConversionService.addConverter(Lorg/springframework/core/convert/converter/Converter;)V+7
j  org.springframework.boot.convert.ApplicationConversionService.addConverter(Lorg/springframework/core/convert/converter/Converter;)V+6
j  org.springframework.core.convert.support.DefaultConversionService.addScalarConverters(Lorg/springframework/core/convert/converter/ConverterRegistry;)V+313
j  org.springframework.core.convert.support.DefaultConversionService.addDefaultConverters(Lorg/springframework/core/convert/converter/ConverterRegistry;)V+1
j  org.springframework.boot.convert.ApplicationConversionService.configure(Lorg/springframework/format/FormatterRegistry;)V+1
j  org.springframework.boot.convert.ApplicationConversionService.<init>(Lorg/springframework/util/StringValueResolver;Z)V+14
j  org.springframework.boot.convert.ApplicationConversionService.<init>(Lorg/springframework/util/StringValueResolver;)V+3
j  org.springframework.boot.convert.ApplicationConversionService.<init>()V+2
j  org.springframework.boot.SpringApplication.configureEnvironment(Lorg/springframework/core/env/ConfigurableEnvironment;[Ljava/lang/String;)V+12
j  org.springframework.boot.SpringApplication.prepareEnvironment(Lorg/springframework/boot/SpringApplicationRunListeners;Lorg/springframework/boot/DefaultBootstrapContext;Lorg/springframework/boot/ApplicationArguments;)Lorg/springframework/core/env/ConfigurableEnvironment;+15
j  org.springframework.boot.SpringApplication.run([Ljava/lang/String;)Lorg/springframework/context/ConfigurableApplicationContext;+52
j  org.springframework.boot.SpringApplication.run([Ljava/lang/Class;[Ljava/lang/String;)Lorg/springframework/context/ConfigurableApplicationContext;+9
j  org.springframework.boot.SpringApplication.run(Ljava/lang/Class;[Ljava/lang/String;)Lorg/springframework/context/ConfigurableApplicationContext;+9
j  edu.poly.shop.WarTechShopApplication.main([Ljava/lang/String;)V+3
v  ~StubRoutines::call_stub
j  jdk.internal.reflect.NativeMethodAccessorImpl.invoke0(Ljava/lang/reflect/Method;Ljava/lang/Object;[Ljava/lang/Object;)Ljava/lang/Object;+0 java.base@17.0.2
j  jdk.internal.reflect.NativeMethodAccessorImpl.invoke(Ljava/lang/Object;[Ljava/lang/Object;)Ljava/lang/Object;+133 java.base@17.0.2
j  jdk.internal.reflect.DelegatingMethodAccessorImpl.invoke(Ljava/lang/Object;[Ljava/lang/Object;)Ljava/lang/Object;+6 java.base@17.0.2
j  java.lang.reflect.Method.invoke(Ljava/lang/Object;[Ljava/lang/Object;)Ljava/lang/Object;+59 java.base@17.0.2
j  org.springframework.boot.devtools.restart.RestartLauncher.run()V+42
v  ~StubRoutines::call_stub

---------------  P R O C E S S  ---------------

Threads class SMR info:
_java_thread_list=0x000002ef843ee300, length=17, elements={
0x000002eff90dde20, 0x000002ef82dc9290, 0x000002ef82dca290, 0x000002ef82e08290,
0x000002ef82e09b60, 0x000002ef82e0a420, 0x000002ef82e0bcf0, 0x000002ef82e0c5b0,
0x000002ef82e3b550, 0x000002ef838536c0, 0x000002ef839b7c10, 0x000002ef83ffaf00,
0x000002ef83ffb3d0, 0x000002ef8400ac90, 0x000002ef8438a6c0, 0x000002ef84393770,
0x000002ef83f24020
}

Java Threads: ( => current thread )
  0x000002eff90dde20 JavaThread "main" [_thread_blocked, id=8560, stack(0x000000f9e5000000,0x000000f9e5100000)]
  0x000002ef82dc9290 JavaThread "Reference Handler" daemon [_thread_blocked, id=19528, stack(0x000000f9e5700000,0x000000f9e5800000)]
  0x000002ef82dca290 JavaThread "Finalizer" daemon [_thread_blocked, id=2600, stack(0x000000f9e5800000,0x000000f9e5900000)]
  0x000002ef82e08290 JavaThread "Signal Dispatcher" daemon [_thread_blocked, id=26048, stack(0x000000f9e5900000,0x000000f9e5a00000)]
  0x000002ef82e09b60 JavaThread "Attach Listener" daemon [_thread_blocked, id=20012, stack(0x000000f9e5a00000,0x000000f9e5b00000)]
  0x000002ef82e0a420 JavaThread "Service Thread" daemon [_thread_blocked, id=4984, stack(0x000000f9e5b00000,0x000000f9e5c00000)]
  0x000002ef82e0bcf0 JavaThread "Monitor Deflation Thread" daemon [_thread_blocked, id=14096, stack(0x000000f9e5c00000,0x000000f9e5d00000)]
  0x000002ef82e0c5b0 JavaThread "C1 CompilerThread0" daemon [_thread_blocked, id=18740, stack(0x000000f9e5d00000,0x000000f9e5e00000)]
  0x000002ef82e3b550 JavaThread "Sweeper thread" daemon [_thread_blocked, id=22960, stack(0x000000f9e5e00000,0x000000f9e5f00000)]
  0x000002ef838536c0 JavaThread "Common-Cleaner" daemon [_thread_blocked, id=16556, stack(0x000000f9e5f00000,0x000000f9e6000000)]
  0x000002ef839b7c10 JavaThread "Notification Thread" daemon [_thread_blocked, id=17580, stack(0x000000f9e6200000,0x000000f9e6300000)]
  0x000002ef83ffaf00 JavaThread "RMI TCP Accept-0" daemon [_thread_in_native, id=3552, stack(0x000000f9e6100000,0x000000f9e6200000)]
  0x000002ef83ffb3d0 JavaThread "RMI TCP Accept-58224" daemon [_thread_in_native, id=22364, stack(0x000000f9e6300000,0x000000f9e6400000)]
  0x000002ef8400ac90 JavaThread "RMI TCP Accept-0" daemon [_thread_in_native, id=6352, stack(0x000000f9e6700000,0x000000f9e6800000)]
  0x000002ef8438a6c0 JavaThread "Thread-0" [_thread_blocked, id=2112, stack(0x000000f9e6900000,0x000000f9e6a00000)]
=>0x000002ef84393770 JavaThread "restartedMain" [_thread_in_vm, id=6028, stack(0x000000f9e6a00000,0x000000f9e6b00000)]
  0x000002ef83f24020 JavaThread "RMI TCP Connection(idle)" daemon [_thread_in_vm, id=9688, stack(0x000000f9e6000000,0x000000f9e6100000)]

Other Threads:
  0x000002ef82da69f0 VMThread "VM Thread" [stack: 0x000000f9e5600000,0x000000f9e5700000] [id=15828] _threads_hazard_ptr=0x000002ef843ee300
  0x000002ef83ff5890 WatcherThread [stack: 0x000000f9e6800000,0x000000f9e6900000] [id=9340]
  0x000002eff9106de0 GCTaskThread "GC Thread#0" [stack: 0x000000f9e5100000,0x000000f9e5200000] [id=5812]
  0x000002ef83ff6000 GCTaskThread "GC Thread#1" [stack: 0x000000f9e6400000,0x000000f9e6500000] [id=18316]
  0x000002ef83ff62b0 GCTaskThread "GC Thread#2" [stack: 0x000000f9e6500000,0x000000f9e6600000] [id=9164]
  0x000002ef84007330 GCTaskThread "GC Thread#3" [stack: 0x000000f9e6600000,0x000000f9e6700000] [id=28168]
  0x000002eff910bc30 ConcurrentGCThread "G1 Main Marker" [stack: 0x000000f9e5200000,0x000000f9e5300000] [id=27732]
  0x000002eff910c550 ConcurrentGCThread "G1 Conc#0" [stack: 0x000000f9e5300000,0x000000f9e5400000] [id=27768]
  0x000002eff9183140 ConcurrentGCThread "G1 Refine#0" [stack: 0x000000f9e5400000,0x000000f9e5500000] [id=21948]
  0x000002eff9184a80 ConcurrentGCThread "G1 Service" [stack: 0x000000f9e5500000,0x000000f9e5600000] [id=25636]

Threads with active compile tasks:

VM state: synchronizing (normal execution)

VM Mutex/Monitor currently owned by a thread:  ([mutex/lock_event])
[0x000002eff90d9640] Metaspace_lock - owner thread: 0x000002ef84393770
[0x000002eff90db980] Threads_lock - owner thread: 0x000002ef82da69f0

Heap address: 0x00000000e0000000, size: 512 MB, Compressed Oops mode: 32-bit

CDS archive(s) not mapped
Compressed class space mapped at: 0x0000000100000000-0x0000000140000000, reserved size: 1073741824
Narrow klass base: 0x0000000000000000, Narrow klass shift: 3, Narrow klass range: 0x140000000

GC Precious Log:
 CPUs: 4 total, 4 available
 Memory: 8075M
 Large Page Support: Disabled
 NUMA Support: Disabled
 Compressed Oops: Enabled (32-bit)
 Heap Region Size: 1M
 Heap Min Capacity: 8M
 Heap Initial Capacity: 128M
 Heap Max Capacity: 512M
 Pre-touch: Disabled
 Parallel Workers: 4
 Concurrent Workers: 1
 Concurrent Refinement Workers: 4
 Periodic GC: Disabled

Heap:
 garbage-first heap   total 131072K, used 13809K [0x00000000e0000000, 0x0000000100000000)
  region size 1024K, 8 young (8192K), 2 survivors (2048K)
 Metaspace       used 16088K, committed 16320K, reserved 1064960K
  class space    used 1714K, committed 1856K, reserved 1048576K

Heap Regions: E=young(eden), S=young(survivor), O=old, HS=humongous(starts), HC=humongous(continues), CS=collection set, F=free, OA=open archive, CA=closed archive, TAMS=top-at-mark-start (previous, next)
|   0|0x00000000e0000000, 0x00000000e0100000, 0x00000000e0100000|100%|HS|  |TAMS 0x00000000e0000000, 0x00000000e0000000| Complete 
|   1|0x00000000e0100000, 0x00000000e0200000, 0x00000000e0200000|100%| O|  |TAMS 0x00000000e0100000, 0x00000000e0100000| Untracked 
|   2|0x00000000e0200000, 0x00000000e0300000, 0x00000000e0300000|100%| O|  |TAMS 0x00000000e0200000, 0x00000000e0200000| Untracked 
|   3|0x00000000e0300000, 0x00000000e0400000, 0x00000000e0400000|100%| O|  |TAMS 0x00000000e0300000, 0x00000000e0300000| Untracked 
|   4|0x00000000e0400000, 0x00000000e0500000, 0x00000000e0500000|100%| O|  |TAMS 0x00000000e0400000, 0x00000000e0400000| Untracked 
|   5|0x00000000e0500000, 0x00000000e0600000, 0x00000000e0600000|100%| O|  |TAMS 0x00000000e0500000, 0x00000000e0500000| Untracked 
|   6|0x00000000e0600000, 0x00000000e0700000, 0x00000000e0700000|100%| O|  |TAMS 0x00000000e0600000, 0x00000000e0600000| Untracked 
|   7|0x00000000e0700000, 0x00000000e0770000, 0x00000000e0800000| 43%| O|  |TAMS 0x00000000e0700000, 0x00000000e0700000| Untracked 
|   8|0x00000000e0800000, 0x00000000e0800000, 0x00000000e0900000|  0%| F|  |TAMS 0x00000000e0800000, 0x00000000e0800000| Untracked 
|   9|0x00000000e0900000, 0x00000000e0900000, 0x00000000e0a00000|  0%| F|  |TAMS 0x00000000e0900000, 0x00000000e0900000| Untracked 
|  10|0x00000000e0a00000, 0x00000000e0a00000, 0x00000000e0b00000|  0%| F|  |TAMS 0x00000000e0a00000, 0x00000000e0a00000| Untracked 
|  11|0x00000000e0b00000, 0x00000000e0b00000, 0x00000000e0c00000|  0%| F|  |TAMS 0x00000000e0b00000, 0x00000000e0b00000| Untracked 
|  12|0x00000000e0c00000, 0x00000000e0c00000, 0x00000000e0d00000|  0%| F|  |TAMS 0x00000000e0c00000, 0x00000000e0c00000| Untracked 
|  13|0x00000000e0d00000, 0x00000000e0d00000, 0x00000000e0e00000|  0%| F|  |TAMS 0x00000000e0d00000, 0x00000000e0d00000| Untracked 
|  14|0x00000000e0e00000, 0x00000000e0e00000, 0x00000000e0f00000|  0%| F|  |TAMS 0x00000000e0e00000, 0x00000000e0e00000| Untracked 
|  15|0x00000000e0f00000, 0x00000000e0f00000, 0x00000000e1000000|  0%| F|  |TAMS 0x00000000e0f00000, 0x00000000e0f00000| Untracked 
|  16|0x00000000e1000000, 0x00000000e1000000, 0x00000000e1100000|  0%| F|  |TAMS 0x00000000e1000000, 0x00000000e1000000| Untracked 
|  17|0x00000000e1100000, 0x00000000e1100000, 0x00000000e1200000|  0%| F|  |TAMS 0x00000000e1100000, 0x00000000e1100000| Untracked 
|  18|0x00000000e1200000, 0x00000000e1200000, 0x00000000e1300000|  0%| F|  |TAMS 0x00000000e1200000, 0x00000000e1200000| Untracked 
|  19|0x00000000e1300000, 0x00000000e1300000, 0x00000000e1400000|  0%| F|  |TAMS 0x00000000e1300000, 0x00000000e1300000| Untracked 
|  20|0x00000000e1400000, 0x00000000e1400000, 0x00000000e1500000|  0%| F|  |TAMS 0x00000000e1400000, 0x00000000e1400000| Untracked 
|  21|0x00000000e1500000, 0x00000000e1500000, 0x00000000e1600000|  0%| F|  |TAMS 0x00000000e1500000, 0x00000000e1500000| Untracked 
|  22|0x00000000e1600000, 0x00000000e1600000, 0x00000000e1700000|  0%| F|  |TAMS 0x00000000e1600000, 0x00000000e1600000| Untracked 
|  23|0x00000000e1700000, 0x00000000e1700000, 0x00000000e1800000|  0%| F|  |TAMS 0x00000000e1700000, 0x00000000e1700000| Untracked 
|  24|0x00000000e1800000, 0x00000000e1800000, 0x00000000e1900000|  0%| F|  |TAMS 0x00000000e1800000, 0x00000000e1800000| Untracked 
|  25|0x00000000e1900000, 0x00000000e1900000, 0x00000000e1a00000|  0%| F|  |TAMS 0x00000000e1900000, 0x00000000e1900000| Untracked 
|  26|0x00000000e1a00000, 0x00000000e1a00000, 0x00000000e1b00000|  0%| F|  |TAMS 0x00000000e1a00000, 0x00000000e1a00000| Untracked 
|  27|0x00000000e1b00000, 0x00000000e1b00000, 0x00000000e1c00000|  0%| F|  |TAMS 0x00000000e1b00000, 0x00000000e1b00000| Untracked 
|  28|0x00000000e1c00000, 0x00000000e1c00000, 0x00000000e1d00000|  0%| F|  |TAMS 0x00000000e1c00000, 0x00000000e1c00000| Untracked 
|  29|0x00000000e1d00000, 0x00000000e1d00000, 0x00000000e1e00000|  0%| F|  |TAMS 0x00000000e1d00000, 0x00000000e1d00000| Untracked 
|  30|0x00000000e1e00000, 0x00000000e1e00000, 0x00000000e1f00000|  0%| F|  |TAMS 0x00000000e1e00000, 0x00000000e1e00000| Untracked 
|  31|0x00000000e1f00000, 0x00000000e1f00000, 0x00000000e2000000|  0%| F|  |TAMS 0x00000000e1f00000, 0x00000000e1f00000| Untracked 
|  32|0x00000000e2000000, 0x00000000e2000000, 0x00000000e2100000|  0%| F|  |TAMS 0x00000000e2000000, 0x00000000e2000000| Untracked 
|  33|0x00000000e2100000, 0x00000000e2100000, 0x00000000e2200000|  0%| F|  |TAMS 0x00000000e2100000, 0x00000000e2100000| Untracked 
|  34|0x00000000e2200000, 0x00000000e2200000, 0x00000000e2300000|  0%| F|  |TAMS 0x00000000e2200000, 0x00000000e2200000| Untracked 
|  35|0x00000000e2300000, 0x00000000e2300000, 0x00000000e2400000|  0%| F|  |TAMS 0x00000000e2300000, 0x00000000e2300000| Untracked 
|  36|0x00000000e2400000, 0x00000000e2400000, 0x00000000e2500000|  0%| F|  |TAMS 0x00000000e2400000, 0x00000000e2400000| Untracked 
|  37|0x00000000e2500000, 0x00000000e2500000, 0x00000000e2600000|  0%| F|  |TAMS 0x00000000e2500000, 0x00000000e2500000| Untracked 
|  38|0x00000000e2600000, 0x00000000e2600000, 0x00000000e2700000|  0%| F|  |TAMS 0x00000000e2600000, 0x00000000e2600000| Untracked 
|  39|0x00000000e2700000, 0x00000000e2700000, 0x00000000e2800000|  0%| F|  |TAMS 0x00000000e2700000, 0x00000000e2700000| Untracked 
|  40|0x00000000e2800000, 0x00000000e2800000, 0x00000000e2900000|  0%| F|  |TAMS 0x00000000e2800000, 0x00000000e2800000| Untracked 
|  41|0x00000000e2900000, 0x00000000e2900000, 0x00000000e2a00000|  0%| F|  |TAMS 0x00000000e2900000, 0x00000000e2900000| Untracked 
|  42|0x00000000e2a00000, 0x00000000e2a00000, 0x00000000e2b00000|  0%| F|  |TAMS 0x00000000e2a00000, 0x00000000e2a00000| Untracked 
|  43|0x00000000e2b00000, 0x00000000e2b00000, 0x00000000e2c00000|  0%| F|  |TAMS 0x00000000e2b00000, 0x00000000e2b00000| Untracked 
|  44|0x00000000e2c00000, 0x00000000e2c00000, 0x00000000e2d00000|  0%| F|  |TAMS 0x00000000e2c00000, 0x00000000e2c00000| Untracked 
|  45|0x00000000e2d00000, 0x00000000e2d00000, 0x00000000e2e00000|  0%| F|  |TAMS 0x00000000e2d00000, 0x00000000e2d00000| Untracked 
|  46|0x00000000e2e00000, 0x00000000e2e00000, 0x00000000e2f00000|  0%| F|  |TAMS 0x00000000e2e00000, 0x00000000e2e00000| Untracked 
|  47|0x00000000e2f00000, 0x00000000e2f00000, 0x00000000e3000000|  0%| F|  |TAMS 0x00000000e2f00000, 0x00000000e2f00000| Untracked 
|  48|0x00000000e3000000, 0x00000000e3000000, 0x00000000e3100000|  0%| F|  |TAMS 0x00000000e3000000, 0x00000000e3000000| Untracked 
|  49|0x00000000e3100000, 0x00000000e3100000, 0x00000000e3200000|  0%| F|  |TAMS 0x00000000e3100000, 0x00000000e3100000| Untracked 
|  50|0x00000000e3200000, 0x00000000e3200000, 0x00000000e3300000|  0%| F|  |TAMS 0x00000000e3200000, 0x00000000e3200000| Untracked 
|  51|0x00000000e3300000, 0x00000000e3300000, 0x00000000e3400000|  0%| F|  |TAMS 0x00000000e3300000, 0x00000000e3300000| Untracked 
|  52|0x00000000e3400000, 0x00000000e3400000, 0x00000000e3500000|  0%| F|  |TAMS 0x00000000e3400000, 0x00000000e3400000| Untracked 
|  53|0x00000000e3500000, 0x00000000e3500000, 0x00000000e3600000|  0%| F|  |TAMS 0x00000000e3500000, 0x00000000e3500000| Untracked 
|  54|0x00000000e3600000, 0x00000000e3600000, 0x00000000e3700000|  0%| F|  |TAMS 0x00000000e3600000, 0x00000000e3600000| Untracked 
|  55|0x00000000e3700000, 0x00000000e3700000, 0x00000000e3800000|  0%| F|  |TAMS 0x00000000e3700000, 0x00000000e3700000| Untracked 
|  56|0x00000000e3800000, 0x00000000e3800000, 0x00000000e3900000|  0%| F|  |TAMS 0x00000000e3800000, 0x00000000e3800000| Untracked 
|  57|0x00000000e3900000, 0x00000000e3900000, 0x00000000e3a00000|  0%| F|  |TAMS 0x00000000e3900000, 0x00000000e3900000| Untracked 
|  58|0x00000000e3a00000, 0x00000000e3a00000, 0x00000000e3b00000|  0%| F|  |TAMS 0x00000000e3a00000, 0x00000000e3a00000| Untracked 
|  59|0x00000000e3b00000, 0x00000000e3b00000, 0x00000000e3c00000|  0%| F|  |TAMS 0x00000000e3b00000, 0x00000000e3b00000| Untracked 
|  60|0x00000000e3c00000, 0x00000000e3c00000, 0x00000000e3d00000|  0%| F|  |TAMS 0x00000000e3c00000, 0x00000000e3c00000| Untracked 
|  61|0x00000000e3d00000, 0x00000000e3d00000, 0x00000000e3e00000|  0%| F|  |TAMS 0x00000000e3d00000, 0x00000000e3d00000| Untracked 
|  62|0x00000000e3e00000, 0x00000000e3e00000, 0x00000000e3f00000|  0%| F|  |TAMS 0x00000000e3e00000, 0x00000000e3e00000| Untracked 
|  63|0x00000000e3f00000, 0x00000000e3f00000, 0x00000000e4000000|  0%| F|  |TAMS 0x00000000e3f00000, 0x00000000e3f00000| Untracked 
|  64|0x00000000e4000000, 0x00000000e4000000, 0x00000000e4100000|  0%| F|  |TAMS 0x00000000e4000000, 0x00000000e4000000| Untracked 
|  65|0x00000000e4100000, 0x00000000e4100000, 0x00000000e4200000|  0%| F|  |TAMS 0x00000000e4100000, 0x00000000e4100000| Untracked 
|  66|0x00000000e4200000, 0x00000000e4200000, 0x00000000e4300000|  0%| F|  |TAMS 0x00000000e4200000, 0x00000000e4200000| Untracked 
|  67|0x00000000e4300000, 0x00000000e4300000, 0x00000000e4400000|  0%| F|  |TAMS 0x00000000e4300000, 0x00000000e4300000| Untracked 
|  68|0x00000000e4400000, 0x00000000e4400000, 0x00000000e4500000|  0%| F|  |TAMS 0x00000000e4400000, 0x00000000e4400000| Untracked 
|  69|0x00000000e4500000, 0x00000000e4500000, 0x00000000e4600000|  0%| F|  |TAMS 0x00000000e4500000, 0x00000000e4500000| Untracked 
|  70|0x00000000e4600000, 0x00000000e4600000, 0x00000000e4700000|  0%| F|  |TAMS 0x00000000e4600000, 0x00000000e4600000| Untracked 
|  71|0x00000000e4700000, 0x00000000e4700000, 0x00000000e4800000|  0%| F|  |TAMS 0x00000000e4700000, 0x00000000e4700000| Untracked 
|  72|0x00000000e4800000, 0x00000000e4800000, 0x00000000e4900000|  0%| F|  |TAMS 0x00000000e4800000, 0x00000000e4800000| Untracked 
|  73|0x00000000e4900000, 0x00000000e4900000, 0x00000000e4a00000|  0%| F|  |TAMS 0x00000000e4900000, 0x00000000e4900000| Untracked 
|  74|0x00000000e4a00000, 0x00000000e4a00000, 0x00000000e4b00000|  0%| F|  |TAMS 0x00000000e4a00000, 0x00000000e4a00000| Untracked 
|  75|0x00000000e4b00000, 0x00000000e4b00000, 0x00000000e4c00000|  0%| F|  |TAMS 0x00000000e4b00000, 0x00000000e4b00000| Untracked 
|  76|0x00000000e4c00000, 0x00000000e4c00000, 0x00000000e4d00000|  0%| F|  |TAMS 0x00000000e4c00000, 0x00000000e4c00000| Untracked 
|  77|0x00000000e4d00000, 0x00000000e4d00000, 0x00000000e4e00000|  0%| F|  |TAMS 0x00000000e4d00000, 0x00000000e4d00000| Untracked 
|  78|0x00000000e4e00000, 0x00000000e4e00000, 0x00000000e4f00000|  0%| F|  |TAMS 0x00000000e4e00000, 0x00000000e4e00000| Untracked 
|  79|0x00000000e4f00000, 0x00000000e4f00000, 0x00000000e5000000|  0%| F|  |TAMS 0x00000000e4f00000, 0x00000000e4f00000| Untracked 
|  80|0x00000000e5000000, 0x00000000e5000000, 0x00000000e5100000|  0%| F|  |TAMS 0x00000000e5000000, 0x00000000e5000000| Untracked 
|  81|0x00000000e5100000, 0x00000000e5100000, 0x00000000e5200000|  0%| F|  |TAMS 0x00000000e5100000, 0x00000000e5100000| Untracked 
|  82|0x00000000e5200000, 0x00000000e5200000, 0x00000000e5300000|  0%| F|  |TAMS 0x00000000e5200000, 0x00000000e5200000| Untracked 
|  83|0x00000000e5300000, 0x00000000e5300000, 0x00000000e5400000|  0%| F|  |TAMS 0x00000000e5300000, 0x00000000e5300000| Untracked 
|  84|0x00000000e5400000, 0x00000000e5400000, 0x00000000e5500000|  0%| F|  |TAMS 0x00000000e5400000, 0x00000000e5400000| Untracked 
|  85|0x00000000e5500000, 0x00000000e5500000, 0x00000000e5600000|  0%| F|  |TAMS 0x00000000e5500000, 0x00000000e5500000| Untracked 
|  86|0x00000000e5600000, 0x00000000e5600000, 0x00000000e5700000|  0%| F|  |TAMS 0x00000000e5600000, 0x00000000e5600000| Untracked 
|  87|0x00000000e5700000, 0x00000000e5700000, 0x00000000e5800000|  0%| F|  |TAMS 0x00000000e5700000, 0x00000000e5700000| Untracked 
|  88|0x00000000e5800000, 0x00000000e5800000, 0x00000000e5900000|  0%| F|  |TAMS 0x00000000e5800000, 0x00000000e5800000| Untracked 
|  89|0x00000000e5900000, 0x00000000e5900000, 0x00000000e5a00000|  0%| F|  |TAMS 0x00000000e5900000, 0x00000000e5900000| Untracked 
|  90|0x00000000e5a00000, 0x00000000e5a00000, 0x00000000e5b00000|  0%| F|  |TAMS 0x00000000e5a00000, 0x00000000e5a00000| Untracked 
|  91|0x00000000e5b00000, 0x00000000e5b00000, 0x00000000e5c00000|  0%| F|  |TAMS 0x00000000e5b00000, 0x00000000e5b00000| Untracked 
|  92|0x00000000e5c00000, 0x00000000e5c00000, 0x00000000e5d00000|  0%| F|  |TAMS 0x00000000e5c00000, 0x00000000e5c00000| Untracked 
|  93|0x00000000e5d00000, 0x00000000e5d00000, 0x00000000e5e00000|  0%| F|  |TAMS 0x00000000e5d00000, 0x00000000e5d00000| Untracked 
|  94|0x00000000e5e00000, 0x00000000e5e00000, 0x00000000e5f00000|  0%| F|  |TAMS 0x00000000e5e00000, 0x00000000e5e00000| Untracked 
|  95|0x00000000e5f00000, 0x00000000e5f00000, 0x00000000e6000000|  0%| F|  |TAMS 0x00000000e5f00000, 0x00000000e5f00000| Untracked 
|  96|0x00000000e6000000, 0x00000000e6000000, 0x00000000e6100000|  0%| F|  |TAMS 0x00000000e6000000, 0x00000000e6000000| Untracked 
|  97|0x00000000e6100000, 0x00000000e6100000, 0x00000000e6200000|  0%| F|  |TAMS 0x00000000e6100000, 0x00000000e6100000| Untracked 
|  98|0x00000000e6200000, 0x00000000e6200000, 0x00000000e6300000|  0%| F|  |TAMS 0x00000000e6200000, 0x00000000e6200000| Untracked 
|  99|0x00000000e6300000, 0x00000000e6300000, 0x00000000e6400000|  0%| F|  |TAMS 0x00000000e6300000, 0x00000000e6300000| Untracked 
| 100|0x00000000e6400000, 0x00000000e6400000, 0x00000000e6500000|  0%| F|  |TAMS 0x00000000e6400000, 0x00000000e6400000| Untracked 
| 101|0x00000000e6500000, 0x00000000e6500000, 0x00000000e6600000|  0%| F|  |TAMS 0x00000000e6500000, 0x00000000e6500000| Untracked 
| 102|0x00000000e6600000, 0x00000000e6600000, 0x00000000e6700000|  0%| F|  |TAMS 0x00000000e6600000, 0x00000000e6600000| Untracked 
| 103|0x00000000e6700000, 0x00000000e6700000, 0x00000000e6800000|  0%| F|  |TAMS 0x00000000e6700000, 0x00000000e6700000| Untracked 
| 104|0x00000000e6800000, 0x00000000e6800000, 0x00000000e6900000|  0%| F|  |TAMS 0x00000000e6800000, 0x00000000e6800000| Untracked 
| 105|0x00000000e6900000, 0x00000000e6900000, 0x00000000e6a00000|  0%| F|  |TAMS 0x00000000e6900000, 0x00000000e6900000| Untracked 
| 106|0x00000000e6a00000, 0x00000000e6a00000, 0x00000000e6b00000|  0%| F|  |TAMS 0x00000000e6a00000, 0x00000000e6a00000| Untracked 
| 107|0x00000000e6b00000, 0x00000000e6b00000, 0x00000000e6c00000|  0%| F|  |TAMS 0x00000000e6b00000, 0x00000000e6b00000| Untracked 
| 108|0x00000000e6c00000, 0x00000000e6c00000, 0x00000000e6d00000|  0%| F|  |TAMS 0x00000000e6c00000, 0x00000000e6c00000| Untracked 
| 109|0x00000000e6d00000, 0x00000000e6d00000, 0x00000000e6e00000|  0%| F|  |TAMS 0x00000000e6d00000, 0x00000000e6d00000| Untracked 
| 110|0x00000000e6e00000, 0x00000000e6e00000, 0x00000000e6f00000|  0%| F|  |TAMS 0x00000000e6e00000, 0x00000000e6e00000| Untracked 
| 111|0x00000000e6f00000, 0x00000000e6f00000, 0x00000000e7000000|  0%| F|  |TAMS 0x00000000e6f00000, 0x00000000e6f00000| Untracked 
| 112|0x00000000e7000000, 0x00000000e7000000, 0x00000000e7100000|  0%| F|  |TAMS 0x00000000e7000000, 0x00000000e7000000| Untracked 
| 113|0x00000000e7100000, 0x00000000e7100000, 0x00000000e7200000|  0%| F|  |TAMS 0x00000000e7100000, 0x00000000e7100000| Untracked 
| 114|0x00000000e7200000, 0x00000000e7200000, 0x00000000e7300000|  0%| F|  |TAMS 0x00000000e7200000, 0x00000000e7200000| Untracked 
| 115|0x00000000e7300000, 0x00000000e7300000, 0x00000000e7400000|  0%| F|  |TAMS 0x00000000e7300000, 0x00000000e7300000| Untracked 
| 116|0x00000000e7400000, 0x00000000e740c5b8, 0x00000000e7500000|  4%| S|CS|TAMS 0x00000000e7400000, 0x00000000e7400000| Complete 
| 117|0x00000000e7500000, 0x00000000e7600000, 0x00000000e7600000|100%| S|CS|TAMS 0x00000000e7500000, 0x00000000e7500000| Complete 
| 118|0x00000000e7600000, 0x00000000e7600000, 0x00000000e7700000|  0%| F|  |TAMS 0x00000000e7600000, 0x00000000e7600000| Untracked 
| 119|0x00000000e7700000, 0x00000000e7700000, 0x00000000e7800000|  0%| F|  |TAMS 0x00000000e7700000, 0x00000000e7700000| Untracked 
| 120|0x00000000e7800000, 0x00000000e7800000, 0x00000000e7900000|  0%| F|  |TAMS 0x00000000e7800000, 0x00000000e7800000| Untracked 
| 121|0x00000000e7900000, 0x00000000e7900000, 0x00000000e7a00000|  0%| F|  |TAMS 0x00000000e7900000, 0x00000000e7900000| Untracked 
| 122|0x00000000e7a00000, 0x00000000e7a54fd8, 0x00000000e7b00000| 33%| E|  |TAMS 0x00000000e7a00000, 0x00000000e7a00000| Complete 
| 123|0x00000000e7b00000, 0x00000000e7c00000, 0x00000000e7c00000|100%| E|CS|TAMS 0x00000000e7b00000, 0x00000000e7b00000| Complete 
| 124|0x00000000e7c00000, 0x00000000e7d00000, 0x00000000e7d00000|100%| E|CS|TAMS 0x00000000e7c00000, 0x00000000e7c00000| Complete 
| 125|0x00000000e7d00000, 0x00000000e7e00000, 0x00000000e7e00000|100%| E|CS|TAMS 0x00000000e7d00000, 0x00000000e7d00000| Complete 
| 126|0x00000000e7e00000, 0x00000000e7f00000, 0x00000000e7f00000|100%| E|CS|TAMS 0x00000000e7e00000, 0x00000000e7e00000| Complete 
| 127|0x00000000e7f00000, 0x00000000e8000000, 0x00000000e8000000|100%| E|CS|TAMS 0x00000000e7f00000, 0x00000000e7f00000| Complete 

Card table byte_map: [0x000002eff8e60000,0x000002eff8f60000] _byte_map_base: 0x000002eff8760000

Marking Bits (Prev, Next): (CMBitMap*) 0x000002eff9107300, (CMBitMap*) 0x000002eff9107340
 Prev Bits: [0x000002efff790000, 0x000002effff90000)
 Next Bits: [0x000002ef80000000, 0x000002ef80800000)

Polling page: 0x000002eff6f20000

Metaspace:

Usage:
  Non-class:     14.04 MB used.
      Class:      1.67 MB used.
       Both:     15.71 MB used.

Virtual space:
  Non-class space:       16.00 MB reserved,      14.12 MB ( 88%) committed,  2 nodes.
      Class space:        1.00 GB reserved,       1.81 MB ( <1%) committed,  1 nodes.
             Both:        1.02 GB reserved,      15.94 MB (  2%) committed. 

Chunk freelists:
   Non-Class:  1.48 MB
       Class:  2.05 MB
        Both:  3.53 MB

MaxMetaspaceSize: unlimited
CompressedClassSpaceSize: 1.00 GB
Initial GC threshold: 21.00 MB
Current GC threshold: 21.00 MB
CDS: off
MetaspaceReclaimPolicy: balanced
 - commit_granule_bytes: 65536.
 - commit_granule_words: 8192.
 - virtual_space_node_default_size: 1048576.
 - enlarge_chunks_in_place: 1.
 - new_chunks_are_fully_committed: 0.
 - uncommit_free_chunks: 1.
 - use_allocation_guard: 0.
 - handle_deallocations: 1.


Internal statistics:

num_allocs_failed_limit: 0.
num_arena_births: 116.
num_arena_deaths: 0.
num_vsnodes_births: 3.
num_vsnodes_deaths: 0.
num_space_committed: 255.
num_space_uncommitted: 0.
num_chunks_returned_to_freelist: 0.
num_chunks_taken_from_freelist: 276.
num_chunk_merges: 0.
num_chunk_splits: 163.
num_chunks_enlarged: 103.
num_purges: 0.
num_inconsistent_stats: 0.

CodeCache: size=49152Kb used=3210Kb max_used=3710Kb free=45941Kb
 bounds [0x000002effc790000, 0x000002effcb30000, 0x000002efff790000]
 total_blobs=1864 nmethods=1416 adapters=376
 compilation: enabled
              stopped_count=0, restarted_count=0
 full_count=0

Compilation events (20 events):
Event: 34.234 Thread 0x000002ef82e0c5b0 1413       1       java.util.RegularEnumSet::contains (57 bytes)
Event: 34.234 Thread 0x000002ef82e0c5b0 nmethod 1413 0x000002effc936f90 code [0x000002effc937140, 0x000002effc937348]
Event: 34.235 Thread 0x000002ef82e0c5b0 1414       1       sun.reflect.generics.tree.ClassTypeSignature::getPath (5 bytes)
Event: 34.235 Thread 0x000002ef82e0c5b0 nmethod 1414 0x000002effc936c90 code [0x000002effc936e20, 0x000002effc936ef8]
Event: 34.235 Thread 0x000002ef82e0c5b0 1415       1       sun.reflect.generics.tree.SimpleClassTypeSignature::getName (5 bytes)
Event: 34.236 Thread 0x000002ef82e0c5b0 nmethod 1415 0x000002effc936990 code [0x000002effc936b20, 0x000002effc936bf8]
Event: 34.236 Thread 0x000002ef82e0c5b0 1416       1       sun.reflect.generics.tree.SimpleClassTypeSignature::getDollar (5 bytes)
Event: 34.236 Thread 0x000002ef82e0c5b0 nmethod 1416 0x000002effc936690 code [0x000002effc936820, 0x000002effc9368f8]
Event: 34.236 Thread 0x000002ef82e0c5b0 1417       1       org.springframework.core.ResolvableType::resolve (5 bytes)
Event: 34.236 Thread 0x000002ef82e0c5b0 nmethod 1417 0x000002effc936390 code [0x000002effc936520, 0x000002effc9365f8]
Event: 34.933 Thread 0x000002ef82e0c5b0 1418       1       java.util.ArrayList::toArray (57 bytes)
Event: 34.934 Thread 0x000002ef82e0c5b0 nmethod 1418 0x000002effc935e10 code [0x000002effc935fc0, 0x000002effc9362d8]
Event: 35.071 Thread 0x000002ef82e0c5b0 1419   !   1       org.springframework.util.ConcurrentReferenceHashMap$Segment::clear (69 bytes)
Event: 35.072 Thread 0x000002ef82e0c5b0 nmethod 1419 0x000002effc935410 code [0x000002effc935620, 0x000002effc935aa8]
Event: 35.094 Thread 0x000002ef82e0c5b0 1420       1       org.springframework.util.ConcurrentReferenceHashMap::getHash (64 bytes)
Event: 35.094 Thread 0x000002ef82e0c5b0 nmethod 1420 0x000002effc935090 code [0x000002effc935220, 0x000002effc935368]
Event: 35.094 Thread 0x000002ef82e0c5b0 1421       1       org.springframework.util.ConcurrentReferenceHashMap::getSegmentForHash (23 bytes)
Event: 35.097 Thread 0x000002ef82e0c5b0 nmethod 1421 0x000002effc934d10 code [0x000002effc934ea0, 0x000002effc934f98]
Event: 35.098 Thread 0x000002ef82e0c5b0 1422       1       java.util.Collections$1::hasNext (5 bytes)
Event: 35.098 Thread 0x000002ef82e0c5b0 nmethod 1422 0x000002effc934a10 code [0x000002effc934ba0, 0x000002effc934c78]

GC Heap History (4 events):
Event: 28.329 GC heap before
{Heap before GC invocations=0 (full 0):
 garbage-first heap   total 131072K, used 13312K [0x00000000e0000000, 0x0000000100000000)
  region size 1024K, 13 young (13312K), 0 survivors (0K)
 Metaspace       used 12505K, committed 12672K, reserved 1064960K
  class space    used 1266K, committed 1344K, reserved 1048576K
}
Event: 28.587 GC heap after
{Heap after GC invocations=1 (full 0):
 garbage-first heap   total 131072K, used 7460K [0x00000000e0000000, 0x0000000100000000)
  region size 1024K, 2 young (2048K), 2 survivors (2048K)
 Metaspace       used 12505K, committed 12672K, reserved 1064960K
  class space    used 1266K, committed 1344K, reserved 1048576K
}
Event: 31.162 GC heap before
{Heap before GC invocations=1 (full 0):
 garbage-first heap   total 131072K, used 16676K [0x00000000e0000000, 0x0000000100000000)
  region size 1024K, 12 young (12288K), 2 survivors (2048K)
 Metaspace       used 15372K, committed 15552K, reserved 1064960K
  class space    used 1607K, committed 1664K, reserved 1048576K
}
Event: 31.166 GC heap after
{Heap after GC invocations=2 (full 0):
 garbage-first heap   total 131072K, used 8689K [0x00000000e0000000, 0x0000000100000000)
  region size 1024K, 2 young (2048K), 2 survivors (2048K)
 Metaspace       used 15372K, committed 15552K, reserved 1064960K
  class space    used 1607K, committed 1664K, reserved 1048576K
}

Deoptimization events (4 events):
Event: 2.235 Thread 0x000002eff90dde20 DEOPT PACKING pc=0x000002effc9ffd65 sp=0x000000f9e50fc490
Event: 2.235 Thread 0x000002eff90dde20 DEOPT UNPACKING pc=0x000002effc7e2b43 sp=0x000000f9e50fb9f0 mode 3
Event: 4.665 Thread 0x000002eff90dde20 DEOPT PACKING pc=0x000002effca6a4f5 sp=0x000000f9e50fcf00
Event: 4.665 Thread 0x000002eff90dde20 DEOPT UNPACKING pc=0x000002effc7e2b43 sp=0x000000f9e50fc370 mode 3

Classes unloaded (0 events):
No events

Classes redefined (0 events):
No events

Internal exceptions (20 events):
Event: 2.235 Thread 0x000002eff90dde20 Implicit null exception at 0x000002effc9ff6c3 to 0x000002effc9ffd60
Event: 3.015 Thread 0x000002eff90dde20 Exception <a 'java/lang/NoSuchMethodError'{0x00000000e77242e0}: 'java.lang.Object java.lang.invoke.DirectMethodHandle$Holder.invokeStaticInit(java.lang.Object)'> (0x00000000e77242e0) 
thrown [e:\jenkins\tmp\workspace\build\src\src\hotspot\share\interpreter\linkResolver.cpp, line 766]
Event: 3.339 Thread 0x000002eff90dde20 Exception <a 'java/lang/NoSuchMethodError'{0x00000000e773ead8}: 'int java.lang.invoke.DirectMethodHandle$Holder.invokeInterface(java.lang.Object, java.lang.Object)'> (0x00000000e773ead8) 
thrown [e:\jenkins\tmp\workspace\build\src\src\hotspot\share\interpreter\linkResolver.cpp, line 766]
Event: 3.340 Thread 0x000002eff90dde20 Exception <a 'java/lang/IncompatibleClassChangeError'{0x00000000e77420d8}: Found class java.lang.Object, but interface was expected> (0x00000000e77420d8) 
thrown [e:\jenkins\tmp\workspace\build\src\src\hotspot\share\interpreter\linkResolver.cpp, line 833]
Event: 3.341 Thread 0x000002eff90dde20 Exception <a 'java/lang/NoSuchMethodError'{0x00000000e7747c88}: 'void java.lang.invoke.DirectMethodHandle$Holder.invokeStatic(java.lang.Object, java.lang.Object)'> (0x00000000e7747c88) 
thrown [e:\jenkins\tmp\workspace\build\src\src\hotspot\share\interpreter\linkResolver.cpp, line 766]
Event: 4.669 Thread 0x000002eff90dde20 Exception <a 'java/lang/NoSuchMethodError'{0x00000000e765c9b8}: 'int java.lang.invoke.DirectMethodHandle$Holder.invokeSpecial(java.lang.Object, java.lang.Object, java.lang.Object)'> (0x00000000e765c9b8) 
thrown [e:\jenkins\tmp\workspace\build\src\src\hotspot\share\interpreter\linkResolver.cpp, line 766]
Event: 6.477 Thread 0x000002eff90dde20 Exception <a 'java/lang/NoSuchMethodError'{0x00000000e75662a8}: 'void java.lang.invoke.DirectMethodHandle$Holder.invokeStatic(java.lang.Object, java.lang.Object, java.lang.Object)'> (0x00000000e75662a8) 
thrown [e:\jenkins\tmp\workspace\build\src\src\hotspot\share\interpreter\linkResolver.cpp, line 766]
Event: 9.991 Thread 0x000002eff90dde20 Exception <a 'java/lang/NoSuchMethodError'{0x00000000e75b0948}: 'int java.lang.invoke.DirectMethodHandle$Holder.invokeSpecialIFC(java.lang.Object, java.lang.Object, java.lang.Object)'> (0x00000000e75b0948) 
thrown [e:\jenkins\tmp\workspace\build\src\src\hotspot\share\interpreter\linkResolver.cpp, line 766]
Event: 10.229 Thread 0x000002eff90dde20 Exception <a 'java/lang/NoSuchMethodError'{0x00000000e7426688}: 'java.lang.Object java.lang.invoke.DirectMethodHandle$Holder.invokeStaticInit(java.lang.Object, int, int, int, int)'> (0x00000000e7426688) 
thrown [e:\jenkins\tmp\workspace\build\src\src\hotspot\share\interpreter\linkResolver.cpp, line 766]
Event: 27.554 Thread 0x000002eff90dde20 Exception <a 'java/lang/NoSuchMethodError'{0x00000000e74cb228}: 'java.lang.Object java.lang.invoke.DirectMethodHandle$Holder.invokeStaticInit(java.lang.Object, java.lang.Object, int, int, int, int)'> (0x00000000e74cb228) 
thrown [e:\jenkins\tmp\workspace\build\src\src\hotspot\share\interpreter\linkResolver.cpp, line 766]
Event: 27.584 Thread 0x000002eff90dde20 Exception <a 'java/lang/ClassNotFoundException'{0x00000000e74e66d8}: javax/management/remote/rmi/RMIServerImpl_Skel> (0x00000000e74e66d8) 
thrown [e:\jenkins\tmp\workspace\build\src\src\hotspot\share\classfile\systemDictionary.cpp, line 256]
Event: 28.133 Thread 0x000002eff90dde20 Exception <a 'java/lang/ClassNotFoundException'{0x00000000e73c3710}: jdk/internal/agent/resources/spi/agentProvider> (0x00000000e73c3710) 
thrown [e:\jenkins\tmp\workspace\build\src\src\hotspot\share\classfile\systemDictionary.cpp, line 256]
Event: 29.467 Thread 0x000002eff90dde20 Exception <a 'java/lang/ClassNotFoundException'{0x00000000e7ecfa98}: javax/smartcardio/CardPermission> (0x00000000e7ecfa98) 
thrown [e:\jenkins\tmp\workspace\build\src\src\hotspot\share\classfile\systemDictionary.cpp, line 256]
Event: 29.475 Thread 0x000002eff90dde20 Exception <a 'java/io/FileNotFoundException'{0x00000000e7eda598}> (0x00000000e7eda598) 
thrown [e:\jenkins\tmp\workspace\build\src\src\hotspot\share\prims\jni.cpp, line 516]
Event: 30.130 Thread 0x000002eff90dde20 Exception <a 'java/lang/NoSuchMethodError'{0x00000000e7b76fd0}: 'java.lang.Object java.lang.invoke.DirectMethodHandle$Holder.invokeSpecialIFC(java.lang.Object, java.lang.Object, java.lang.Object, java.lang.Object)'> (0x00000000e7b76fd0) 
thrown [e:\jenkins\tmp\workspace\build\src\src\hotspot\share\interpreter\linkResolver.cpp, line 766]
Event: 30.229 Thread 0x000002eff90dde20 Exception <a 'java/lang/NoSuchMethodError'{0x00000000e7a13048}: 'int java.lang.invoke.DirectMethodHandle$Holder.invokeStaticInit(java.lang.Object, java.lang.Object)'> (0x00000000e7a13048) 
thrown [e:\jenkins\tmp\workspace\build\src\src\hotspot\share\interpreter\linkResolver.cpp, line 766]
Event: 30.521 Thread 0x000002eff90dde20 Exception <a 'java/lang/NoSuchMethodError'{0x00000000e79d37c8}: 'int java.lang.invoke.DirectMethodHandle$Holder.invokeStaticInit(java.lang.Object, java.lang.Object, java.lang.Object)'> (0x00000000e79d37c8) 
thrown [e:\jenkins\tmp\workspace\build\src\src\hotspot\share\interpreter\linkResolver.cpp, line 766]
Event: 30.665 Thread 0x000002eff90dde20 Exception <a 'java/lang/NoSuchMethodError'{0x00000000e78253e8}: 'java.lang.Object java.lang.invoke.DirectMethodHandle$Holder.newInvokeSpecial(java.lang.Object, java.lang.Object, java.lang.Object, java.lang.Object, java.lang.Object)'> (0x00000000e78253e8) 
thrown [e:\jenkins\tmp\workspace\build\src\src\hotspot\share\interpreter\linkResolver.cpp, line 766]
Event: 32.195 Thread 0x000002ef8438a6c0 Exception <a 'java/lang/NoSuchMethodError'{0x00000000e7db35e8}: 'org.slf4j.impl.StaticMDCBinder org.slf4j.impl.StaticMDCBinder.getSingleton()'> (0x00000000e7db35e8) 
thrown [e:\jenkins\tmp\workspace\build\src\src\hotspot\share\interpreter\linkResolver.cpp, line 766]
Event: 34.209 Thread 0x000002ef84393770 Exception <a 'sun/nio/fs/WindowsException'{0x00000000e7b6a2a0}> (0x00000000e7b6a2a0) 
thrown [e:\jenkins\tmp\workspace\build\src\src\hotspot\share\prims\jni.cpp, line 516]

VM Operations (20 events):
Event: 27.583 Executing VM operation: HandshakeAllThreads
Event: 27.583 Executing VM operation: HandshakeAllThreads done
Event: 27.583 Executing VM operation: Cleanup
Event: 27.583 Executing VM operation: Cleanup done
Event: 28.300 Executing VM operation: G1CollectForAllocation
Event: 28.587 Executing VM operation: G1CollectForAllocation done
Event: 29.592 Executing VM operation: Cleanup
Event: 29.608 Executing VM operation: Cleanup done
Event: 30.115 Executing VM operation: HandshakeAllThreads
Event: 30.115 Executing VM operation: HandshakeAllThreads done
Event: 31.128 Executing VM operation: Cleanup
Event: 31.128 Executing VM operation: Cleanup done
Event: 31.162 Executing VM operation: G1CollectForAllocation
Event: 31.166 Executing VM operation: G1CollectForAllocation done
Event: 32.180 Executing VM operation: Cleanup
Event: 32.180 Executing VM operation: Cleanup done
Event: 33.183 Executing VM operation: Cleanup
Event: 33.638 Executing VM operation: Cleanup done
Event: 34.211 Executing VM operation: HandshakeAllThreads
Event: 34.211 Executing VM operation: HandshakeAllThreads done

Events (20 events):
Event: 34.224 loading class java/util/concurrent/CopyOnWriteArraySet
Event: 34.224 loading class java/util/concurrent/CopyOnWriteArraySet done
Event: 34.229 loading class java/util/concurrent/ConcurrentLinkedDeque
Event: 34.230 loading class java/util/concurrent/ConcurrentLinkedDeque done
Event: 34.230 loading class java/util/concurrent/ConcurrentLinkedDeque$Node
Event: 34.230 loading class java/util/concurrent/ConcurrentLinkedDeque$Node done
Event: 34.932 loading class sun/reflect/generics/tree/BottomSignature
Event: 34.932 loading class sun/reflect/generics/tree/BottomSignature done
Event: 34.932 loading class sun/reflect/generics/tree/Wildcard
Event: 34.933 loading class sun/reflect/generics/tree/Wildcard done
Event: 34.934 loading class sun/reflect/generics/reflectiveObjects/WildcardTypeImpl
Event: 34.936 loading class sun/reflect/generics/reflectiveObjects/WildcardTypeImpl done
Event: 35.058 loading class sun/rmi/transport/tcp/TCPTransport$ConnectionHandler
Event: 35.070 loading class sun/rmi/transport/tcp/TCPTransport$ConnectionHandler done
Event: 35.070 loading class java/util/concurrent/ThreadPoolExecutor$Worker
Event: 35.070 loading class java/util/concurrent/ThreadPoolExecutor$Worker done
Event: 35.070 Thread 0x000002ef83f24020 Thread added: 0x000002ef83f24020
Event: 35.072 loading class java/util/Currency
Event: 35.093 loading class java/util/Currency done
Event: 35.099 loading class java/util/UUID


Dynamic libraries:
0x00007ff698540000 - 0x00007ff69854e000 	D:\Download\sts-4.14.1.RELEASE\plugins\org.eclipse.justj.openjdk.hotspot.jre.full.win32.x86_64_17.0.2.v20220201-1208\jre\bin\javaw.exe
0x00007ffa1fc70000 - 0x00007ffa1fe65000 	C:\Windows\SYSTEM32\ntdll.dll
0x00007ffa1f0c0000 - 0x00007ffa1f17d000 	C:\Windows\System32\KERNEL32.DLL
0x00007ffa1d8e0000 - 0x00007ffa1dbad000 	C:\Windows\System32\KERNELBASE.dll
0x00007ffa1d5f0000 - 0x00007ffa1d6f0000 	C:\Windows\System32\ucrtbase.dll
0x00007ffa17ff0000 - 0x00007ffa18008000 	D:\Download\sts-4.14.1.RELEASE\plugins\org.eclipse.justj.openjdk.hotspot.jre.full.win32.x86_64_17.0.2.v20220201-1208\jre\bin\jli.dll
0x00007ffa1dcc0000 - 0x00007ffa1de60000 	C:\Windows\System32\USER32.dll
0x00007ffa1d430000 - 0x00007ffa1d452000 	C:\Windows\System32\win32u.dll
0x00007ffa1e7e0000 - 0x00007ffa1e80a000 	C:\Windows\System32\GDI32.dll
0x00007ffa1d490000 - 0x00007ffa1d59b000 	C:\Windows\System32\gdi32full.dll
0x00007ffa1dbb0000 - 0x00007ffa1dc4d000 	C:\Windows\System32\msvcp_win.dll
0x00007ffa11d60000 - 0x00007ffa11d79000 	D:\Download\sts-4.14.1.RELEASE\plugins\org.eclipse.justj.openjdk.hotspot.jre.full.win32.x86_64_17.0.2.v20220201-1208\jre\bin\VCRUNTIME140.dll
0x00007ffa0d080000 - 0x00007ffa0d31a000 	C:\Windows\WinSxS\amd64_microsoft.windows.common-controls_6595b64144ccf1df_6.0.19041.1110_none_60b5254171f9507e\COMCTL32.dll
0x00007ffa1de60000 - 0x00007ffa1defe000 	C:\Windows\System32\msvcrt.dll
0x00007ffa1f090000 - 0x00007ffa1f0c0000 	C:\Windows\System32\IMM32.DLL
0x00007ffa18ef0000 - 0x00007ffa18efc000 	D:\Download\sts-4.14.1.RELEASE\plugins\org.eclipse.justj.openjdk.hotspot.jre.full.win32.x86_64_17.0.2.v20220201-1208\jre\bin\vcruntime140_1.dll
0x00007ff9ed180000 - 0x00007ff9ed211000 	D:\Download\sts-4.14.1.RELEASE\plugins\org.eclipse.justj.openjdk.hotspot.jre.full.win32.x86_64_17.0.2.v20220201-1208\jre\bin\msvcp140.dll
0x00007ff9da780000 - 0x00007ff9db3c7000 	D:\Download\sts-4.14.1.RELEASE\plugins\org.eclipse.justj.openjdk.hotspot.jre.full.win32.x86_64_17.0.2.v20220201-1208\jre\bin\server\jvm.dll
0x00007ffa1e410000 - 0x00007ffa1e4be000 	C:\Windows\System32\ADVAPI32.dll
0x00007ffa1f330000 - 0x00007ffa1f3cc000 	C:\Windows\System32\sechost.dll
0x00007ffa1ec00000 - 0x00007ffa1ed25000 	C:\Windows\System32\RPCRT4.dll
0x00007ffa1e4c0000 - 0x00007ffa1e4c8000 	C:\Windows\System32\PSAPI.DLL
0x00007ffa18ee0000 - 0x00007ffa18ee9000 	C:\Windows\SYSTEM32\WSOCK32.dll
0x00007ffa1eb90000 - 0x00007ffa1ebfb000 	C:\Windows\System32\WS2_32.dll
0x00007ffa09700000 - 0x00007ffa09727000 	C:\Windows\SYSTEM32\WINMM.dll
0x00007ffa169a0000 - 0x00007ffa169aa000 	C:\Windows\SYSTEM32\VERSION.dll
0x00007ffa1bc10000 - 0x00007ffa1bc22000 	C:\Windows\SYSTEM32\kernel.appcore.dll
0x00007ffa18060000 - 0x00007ffa1806a000 	D:\Download\sts-4.14.1.RELEASE\plugins\org.eclipse.justj.openjdk.hotspot.jre.full.win32.x86_64_17.0.2.v20220201-1208\jre\bin\jimage.dll
0x00007ffa1b160000 - 0x00007ffa1b344000 	C:\Windows\SYSTEM32\DBGHELP.DLL
0x00007ffa04930000 - 0x00007ffa0495c000 	C:\Windows\SYSTEM32\dbgcore.DLL
0x00007ffa1d6f0000 - 0x00007ffa1d772000 	C:\Windows\System32\bcryptPrimitives.dll
0x00007ffa17f00000 - 0x00007ffa17f25000 	D:\Download\sts-4.14.1.RELEASE\plugins\org.eclipse.justj.openjdk.hotspot.jre.full.win32.x86_64_17.0.2.v20220201-1208\jre\bin\java.dll
0x00007ffa17eb0000 - 0x00007ffa17ec8000 	D:\Download\sts-4.14.1.RELEASE\plugins\org.eclipse.justj.openjdk.hotspot.jre.full.win32.x86_64_17.0.2.v20220201-1208\jre\bin\zip.dll
0x00007ffa1f4e0000 - 0x00007ffa1fc24000 	C:\Windows\System32\SHELL32.dll
0x00007ffa1b460000 - 0x00007ffa1bbf4000 	C:\Windows\SYSTEM32\windows.storage.dll
0x00007ffa1ed30000 - 0x00007ffa1f084000 	C:\Windows\System32\combase.dll
0x00007ffa1cde0000 - 0x00007ffa1ce0c000 	C:\Windows\SYSTEM32\Wldp.dll
0x00007ffa1e730000 - 0x00007ffa1e7dd000 	C:\Windows\System32\SHCORE.dll
0x00007ffa1e810000 - 0x00007ffa1e865000 	C:\Windows\System32\shlwapi.dll
0x00007ffa1d2c0000 - 0x00007ffa1d2df000 	C:\Windows\SYSTEM32\profapi.dll
0x00007ffa17d10000 - 0x00007ffa17d29000 	D:\Download\sts-4.14.1.RELEASE\plugins\org.eclipse.justj.openjdk.hotspot.jre.full.win32.x86_64_17.0.2.v20220201-1208\jre\bin\net.dll
0x00007ffa0cdb0000 - 0x00007ffa0ceba000 	C:\Windows\SYSTEM32\WINHTTP.dll
0x00007ffa1cb40000 - 0x00007ffa1cbaa000 	C:\Windows\system32\mswsock.dll
0x00007ffa13200000 - 0x00007ffa13215000 	D:\Download\sts-4.14.1.RELEASE\plugins\org.eclipse.justj.openjdk.hotspot.jre.full.win32.x86_64_17.0.2.v20220201-1208\jre\bin\nio.dll
0x00007ffa18040000 - 0x00007ffa18049000 	D:\Download\sts-4.14.1.RELEASE\plugins\org.eclipse.justj.openjdk.hotspot.jre.full.win32.x86_64_17.0.2.v20220201-1208\jre\bin\management.dll
0x00007ffa17ef0000 - 0x00007ffa17efb000 	D:\Download\sts-4.14.1.RELEASE\plugins\org.eclipse.justj.openjdk.hotspot.jre.full.win32.x86_64_17.0.2.v20220201-1208\jre\bin\management_ext.dll
0x00007ff9e6140000 - 0x00007ff9e6157000 	C:\Windows\system32\napinsp.dll
0x00007ff9e6120000 - 0x00007ff9e613b000 	C:\Windows\system32\pnrpnsp.dll
0x00007ff9ed860000 - 0x00007ff9ed875000 	C:\Windows\system32\wshbth.dll
0x00007ffa18da0000 - 0x00007ffa18dbd000 	C:\Windows\system32\NLAapi.dll
0x00007ffa1c7e0000 - 0x00007ffa1c81b000 	C:\Windows\SYSTEM32\IPHLPAPI.DLL
0x00007ffa1c830000 - 0x00007ffa1c8fb000 	C:\Windows\SYSTEM32\DNSAPI.dll
0x00007ffa1e400000 - 0x00007ffa1e408000 	C:\Windows\System32\NSI.dll
0x00007ff9e6100000 - 0x00007ff9e6112000 	C:\Windows\System32\winrnr.dll
0x00007ffa0ac30000 - 0x00007ffa0ac3a000 	C:\Windows\System32\rasadhlp.dll
0x00007ffa0cfc0000 - 0x00007ffa0d040000 	C:\Windows\System32\fwpuclnt.dll
0x00007ffa1d460000 - 0x00007ffa1d487000 	C:\Windows\System32\bcrypt.dll
0x00007ffa1cd30000 - 0x00007ffa1cd48000 	C:\Windows\SYSTEM32\CRYPTSP.dll
0x00007ffa1c450000 - 0x00007ffa1c484000 	C:\Windows\system32\rsaenh.dll
0x00007ffa1d240000 - 0x00007ffa1d26e000 	C:\Windows\SYSTEM32\USERENV.dll
0x00007ffa1cd50000 - 0x00007ffa1cd5c000 	C:\Windows\SYSTEM32\CRYPTBASE.dll
0x00007ffa154f0000 - 0x00007ffa15507000 	C:\Windows\SYSTEM32\dhcpcsvc6.DLL
0x00007ffa16980000 - 0x00007ffa1699d000 	C:\Windows\SYSTEM32\dhcpcsvc.DLL
0x00007ffa17fe0000 - 0x00007ffa17ff0000 	D:\Download\sts-4.14.1.RELEASE\plugins\org.eclipse.justj.openjdk.hotspot.jre.full.win32.x86_64_17.0.2.v20220201-1208\jre\bin\verify.dll

dbghelp: loaded successfully - version: 4.0.5 - missing functions: none
symbol engine: initialized successfully - sym options: 0x614 - pdb path: .;D:\Download\sts-4.14.1.RELEASE\plugins\org.eclipse.justj.openjdk.hotspot.jre.full.win32.x86_64_17.0.2.v20220201-1208\jre\bin;C:\Windows\SYSTEM32;C:\Windows\WinSxS\amd64_microsoft.windows.common-controls_6595b64144ccf1df_6.0.19041.1110_none_60b5254171f9507e;D:\Download\sts-4.14.1.RELEASE\plugins\org.eclipse.justj.openjdk.hotspot.jre.full.win32.x86_64_17.0.2.v20220201-1208\jre\bin\server

VM Arguments:
jvm_args: -Dcom.sun.management.jmxremote -Dcom.sun.management.jmxremote.port=58224 -Dcom.sun.management.jmxremote.authenticate=false -Dcom.sun.management.jmxremote.ssl=false -Djava.rmi.server.hostname=localhost -Dspring.jmx.enabled=true -Dspring.application.admin.enabled=true -XX:TieredStopAtLevel=1 -Dspring.boot.project.name=war-tech-shop -Dfile.encoding=UTF-8 -XX:+ShowCodeDetailsInExceptionMessages -Xmx512M 
java_command: edu.poly.shop.WarTechShopApplication --spring.output.ansi.enabled=always
java_class_path (initial): D:\springToolSuite\war-tech-shop\target\classes;D:\Desktop\sqljdbc_10.2\enu\mssql-jdbc-10.2.1.jre8.jar;C:\Users\LAPTOP 74\.m2\repository\org\springframework\boot\spring-boot-starter-data-jpa\2.7.0\spring-boot-starter-data-jpa-2.7.0.jar;C:\Users\LAPTOP 74\.m2\repository\org\springframework\boot\spring-boot-starter-aop\2.7.0\spring-boot-starter-aop-2.7.0.jar;C:\Users\LAPTOP 74\.m2\repository\org\springframework\spring-aop\5.3.20\spring-aop-5.3.20.jar;C:\Users\LAPTOP 74\.m2\repository\org\aspectj\aspectjweaver\1.9.7\aspectjweaver-1.9.7.jar;C:\Users\LAPTOP 74\.m2\repository\org\springframework\boot\spring-boot-starter-jdbc\2.7.0\spring-boot-starter-jdbc-2.7.0.jar;C:\Users\LAPTOP 74\.m2\repository\com\zaxxer\HikariCP\4.0.3\HikariCP-4.0.3.jar;C:\Users\LAPTOP 74\.m2\repository\org\springframework\spring-jdbc\5.3.20\spring-jdbc-5.3.20.jar;C:\Users\LAPTOP 74\.m2\repository\jakarta\transaction\jakarta.transaction-api\1.3.3\jakarta.transaction-api-1.3.3.jar;C:\Users\LAPTOP 74\.m2\repository\jakarta\persistence\jakarta.persistence-api\2.2.3\jakarta.persistence-api-2.2.3.jar;C:\Users\LAPTOP 74\.m2\repository\org\springframework\data\spring-data-jpa\2.7.0\spring-data-jpa-2.7.0.jar;C:\Users\LAPTOP 74\.m2\repository\org\springframework\data\spring-data-commons\2.7.0\spring-data-commons-2.7.0.jar;C:\Users\LAPTOP 74\.m2\repository\org\springframework\spring-orm\5.3.20\spring-orm-5.3.20.jar;C:\Users\LAPTOP 74\.m2\repository\org\springframework\spring-context\5.3.20\spring-context-5.3.20.jar;C:\Users\LAPTOP 74\.m2\repository\org\springframework\spring-tx\5.3.20\spring-tx-5.3.20.jar;C:\Users\LAPTOP 74\.m2\repository\org\springframework\spring-beans\5.3.20\spring-beans-5.3.20.jar;C:\Users\LAPTOP 74\.m2\repository\org\slf4j\slf4j-api\1.7.36\slf4j-api-1.7.36.jar;C:\Users\LAPTOP 74\.m2\repository\org\springframework\spring-aspects\5.3.20\spring-aspects-5.3.20.jar;C:\Users\LAPTOP 74\.m2\repository\org\springframework\boot\spring-boot-starter-mail\2.7.0\spring-boo
Launcher Type: SUN_STANDARD

[Global flags]
     intx CICompilerCount                          = 3                                         {product} {ergonomic}
     uint ConcGCThreads                            = 1                                         {product} {ergonomic}
     uint G1ConcRefinementThreads                  = 4                                         {product} {ergonomic}
   size_t G1HeapRegionSize                         = 1048576                                   {product} {ergonomic}
    uintx GCDrainStackTargetSize                   = 64                                        {product} {ergonomic}
   size_t InitialHeapSize                          = 134217728                                 {product} {ergonomic}
     bool ManagementServer                         = true                                      {product} {command line}
   size_t MarkStackSize                            = 4194304                                   {product} {ergonomic}
   size_t MaxHeapSize                              = 536870912                                 {product} {command line}
   size_t MaxNewSize                               = 321912832                                 {product} {ergonomic}
   size_t MinHeapDeltaBytes                        = 1048576                                   {product} {ergonomic}
   size_t MinHeapSize                              = 8388608                                   {product} {ergonomic}
    uintx NonProfiledCodeHeapSize                  = 0                                      {pd product} {ergonomic}
     bool ProfileInterpreter                       = false                                  {pd product} {command line}
    uintx ProfiledCodeHeapSize                     = 0                                      {pd product} {ergonomic}
     bool ShowCodeDetailsInExceptionMessages       = true                                   {manageable} {command line}
   size_t SoftMaxHeapSize                          = 536870912                              {manageable} {ergonomic}
     intx TieredStopAtLevel                        = 1                                         {product} {command line}
     bool UseCompressedClassPointers               = true                           {product lp64_product} {ergonomic}
     bool UseCompressedOops                        = true                           {product lp64_product} {ergonomic}
     bool UseG1GC                                  = true                                      {product} {ergonomic}
     bool UseLargePagesIndividualAllocation        = false                                  {pd product} {ergonomic}

Logging:
Log output configuration:
 #0: stdout all=warning uptime,level,tags
 #1: stderr all=off uptime,level,tags

Environment Variables:
JAVA_HOME=D:\Desktop\jdk17-1
_JAVA_OPTIONS=-Xmx512M
CLASSPATH=%CLASSPATH%;%JUNIT_HOME%\JUNIT4.10.jar;D:\Desktop\junit4\JUNIT4.10.jar;D:\Desktop\junit4\JUNIT4.10.jar
PATH=D:/Download/sts-4.14.1.RELEASE//plugins/org.eclipse.justj.openjdk.hotspot.jre.full.win32.x86_64_17.0.2.v20220201-1208/jre/bin/server;D:/Download/sts-4.14.1.RELEASE//plugins/org.eclipse.justj.openjdk.hotspot.jre.full.win32.x86_64_17.0.2.v20220201-1208/jre/bin;"D:\Desktop\jdk17-1\bin;C:\Program Files\Java\jre1.8.0_321\bin";C:\Program Files\Common Files\Oracle\Java\javapath;C:\Program Files (x86)\Common Files\Oracle\Java\javapath;C:\Windows\system32;C:\Windows;C:\Windows\System32\Wbem;C:\Windows\System32\WindowsPowerShell\v1.0\;C:\Windows\System32\OpenSSH\;C:\Program Files (x86)\NVIDIA Corporation\PhysX\Common;C:\Program Files\NVIDIA Corporation\NVIDIA NvDLISR;C:\Program Files\nodejs;C:\Program Files\Microsoft SQL Server\Client SDK\ODBC\170\Tools\Binn\;C:\Program Files (x86)\Microsoft SQL Server\150\Tools\Binn\;C:\Program Files\Microsoft SQL Server\150\Tools\Binn\;C:\Program Files\Microsoft SQL Server\150\DTS\Binn\;C:\Program Files (x86)\Microsoft SQL Server\150\DTS\Binn\;C:\Program Files\Azure Data Studio\bin;C:\Users\LAPTOP 74\AppData\Local\Microsoft\WindowsApps;C:\Program Files\nodejs;C:\Program Files\Azure Data Studio\bin;;D:\Download\sts-4.14.1.RELEASE;
USERNAME=LAPTOP 74
OS=Windows_NT
PROCESSOR_IDENTIFIER=Intel64 Family 6 Model 69 Stepping 1, GenuineIntel



---------------  S Y S T E M  ---------------

OS:
 Windows 10 , 64 bit Build 19041 (10.0.19041.1706)
OS uptime: 1 days 4:16 hours

CPU: total 4 (initial active 4) (2 cores per cpu, 2 threads per core) family 6 model 69 stepping 1 microcode 0x25, cx8, cmov, fxsr, ht, mmx, sse, sse2, sse3, ssse3, sse4.1, sse4.2, popcnt, lzcnt, tsc, tscinvbit, avx, avx2, aes, erms, clmul, bmi1, bmi2, fma, vzeroupper, clflush

Memory: 4k page, system-wide physical 8075M (231M free)
TotalPageFile size 14949M (AvailPageFile size 0M)
current process WorkingSet (physical memory assigned to process): 69M, peak: 75M
current process commit charge ("private bytes"): 211M, peak: 212M

vm_info: OpenJDK 64-Bit Server VM (17.0.2+8) for windows-amd64 JRE (17.0.2+8), built on Jan 20 2022 04:52:34 by "" with MS VC++ 16.7 (VS2019)

END.
